:core:dependencies

------------------------------------------------------------
Project :core
------------------------------------------------------------

archives - Configuration for archive artifacts.
No dependencies

compile - Compile classpath for source set 'main'.
+--- org.springframework.boot:spring-boot: -> 1.4.0.RELEASE
|    +--- org.springframework:spring-core:4.3.2.RELEASE
|    \--- org.springframework:spring-context:4.3.2.RELEASE
|         +--- org.springframework:spring-aop:4.3.2.RELEASE
|         |    +--- org.springframework:spring-beans:4.3.2.RELEASE
|         |    |    \--- org.springframework:spring-core:4.3.2.RELEASE
|         |    \--- org.springframework:spring-core:4.3.2.RELEASE
|         +--- org.springframework:spring-beans:4.3.2.RELEASE (*)
|         +--- org.springframework:spring-core:4.3.2.RELEASE
|         \--- org.springframework:spring-expression:4.3.2.RELEASE
|              \--- org.springframework:spring-core:4.3.2.RELEASE
+--- org.springframework.boot:spring-boot-starter-web:1.4.0.RELEASE
|    +--- org.springframework.boot:spring-boot-starter:1.4.0.RELEASE
|    |    +--- org.springframework.boot:spring-boot:1.4.0.RELEASE (*)
|    |    +--- org.springframework.boot:spring-boot-autoconfigure:1.4.0.RELEASE
|    |    |    \--- org.springframework.boot:spring-boot:1.4.0.RELEASE (*)
|    |    +--- org.springframework.boot:spring-boot-starter-logging:1.4.0.RELEASE
|    |    |    +--- ch.qos.logback:logback-classic:1.1.7
|    |    |    |    +--- ch.qos.logback:logback-core:1.1.7
|    |    |    |    \--- org.slf4j:slf4j-api:1.7.20 -> 1.7.21
|    |    |    +--- org.slf4j:jcl-over-slf4j:1.7.21
|    |    |    |    \--- org.slf4j:slf4j-api:1.7.21
|    |    |    +--- org.slf4j:jul-to-slf4j:1.7.21
|    |    |    |    \--- org.slf4j:slf4j-api:1.7.21
|    |    |    \--- org.slf4j:log4j-over-slf4j:1.7.21
|    |    |         \--- org.slf4j:slf4j-api:1.7.21
|    |    +--- org.springframework:spring-core:4.3.2.RELEASE
|    |    \--- org.yaml:snakeyaml:1.17
|    +--- org.hibernate:hibernate-validator:5.2.4.Final
|    |    +--- javax.validation:validation-api:1.1.0.Final
|    |    +--- org.jboss.logging:jboss-logging:3.2.1.Final -> 3.3.0.Final
|    |    \--- com.fasterxml:classmate:1.1.0 -> 1.3.0
|    +--- com.fasterxml.jackson.core:jackson-databind:2.8.1 -> 2.8.2
|    |    +--- com.fasterxml.jackson.core:jackson-annotations:2.8.0
|    |    \--- com.fasterxml.jackson.core:jackson-core:2.8.2
|    +--- org.springframework:spring-web:4.3.2.RELEASE
|    |    +--- org.springframework:spring-aop:4.3.2.RELEASE (*)
|    |    +--- org.springframework:spring-beans:4.3.2.RELEASE (*)
|    |    +--- org.springframework:spring-context:4.3.2.RELEASE (*)
|    |    \--- org.springframework:spring-core:4.3.2.RELEASE
|    \--- org.springframework:spring-webmvc:4.3.2.RELEASE
|         +--- org.springframework:spring-aop:4.3.2.RELEASE (*)
|         +--- org.springframework:spring-beans:4.3.2.RELEASE (*)
|         +--- org.springframework:spring-context:4.3.2.RELEASE (*)
|         +--- org.springframework:spring-core:4.3.2.RELEASE
|         +--- org.springframework:spring-expression:4.3.2.RELEASE (*)
|         \--- org.springframework:spring-web:4.3.2.RELEASE (*)
+--- org.springframework.boot:spring-boot-starter-data-jpa:1.4.0.RELEASE
|    +--- org.springframework.boot:spring-boot-starter:1.4.0.RELEASE (*)
|    +--- org.springframework.boot:spring-boot-starter-aop:1.4.0.RELEASE
|    |    +--- org.springframework.boot:spring-boot-starter:1.4.0.RELEASE (*)
|    |    +--- org.springframework:spring-aop:4.3.2.RELEASE (*)
|    |    \--- org.aspectj:aspectjweaver:1.8.9
|    +--- org.springframework.boot:spring-boot-starter-jdbc:1.4.0.RELEASE
|    |    +--- org.springframework.boot:spring-boot-starter:1.4.0.RELEASE (*)
|    |    +--- org.apache.tomcat:tomcat-jdbc:8.5.4
|    |    |    \--- org.apache.tomcat:tomcat-juli:8.5.4
|    |    \--- org.springframework:spring-jdbc:4.3.2.RELEASE
|    |         +--- org.springframework:spring-beans:4.3.2.RELEASE (*)
|    |         +--- org.springframework:spring-core:4.3.2.RELEASE
|    |         \--- org.springframework:spring-tx:4.3.2.RELEASE
|    |              +--- org.springframework:spring-beans:4.3.2.RELEASE (*)
|    |              \--- org.springframework:spring-core:4.3.2.RELEASE
|    +--- org.hibernate:hibernate-core:5.0.9.Final -> 5.2.2.Final
|    |    +--- org.jboss.logging:jboss-logging:3.3.0.Final
|    |    +--- org.hibernate.javax.persistence:hibernate-jpa-2.1-api:1.0.0.Final
|    |    +--- org.javassist:javassist:3.20.0-GA
|    |    +--- antlr:antlr:2.7.7
|    |    +--- org.apache.geronimo.specs:geronimo-jta_1.1_spec:1.1.1
|    |    +--- org.jboss:jandex:2.0.0.Final
|    |    +--- com.fasterxml:classmate:1.3.0
|    |    +--- dom4j:dom4j:1.6.1
|    |    +--- org.hibernate.common:hibernate-commons-annotations:5.0.1.Final
|    |    |    \--- org.jboss.logging:jboss-logging:3.3.0.Final
|    |    \--- javax.enterprise:cdi-api:1.1
|    |         +--- javax.el:el-api:2.2
|    |         +--- org.jboss.spec.javax.interceptor:jboss-interceptors-api_1.1_spec:1.0.0.Beta1
|    |         +--- javax.annotation:jsr250-api:1.0
|    |         \--- javax.inject:javax.inject:1
|    +--- org.hibernate:hibernate-entitymanager:5.0.9.Final -> 5.2.2.Final
|    |    +--- org.jboss.logging:jboss-logging:3.3.0.Final
|    |    +--- org.hibernate:hibernate-core:5.2.2.Final (*)
|    |    +--- dom4j:dom4j:1.6.1
|    |    +--- org.hibernate.common:hibernate-commons-annotations:5.0.1.Final (*)
|    |    +--- org.hibernate.javax.persistence:hibernate-jpa-2.1-api:1.0.0.Final
|    |    +--- org.javassist:javassist:3.20.0-GA
|    |    \--- org.apache.geronimo.specs:geronimo-jta_1.1_spec:1.1.1
|    +--- javax.transaction:javax.transaction-api:1.2
|    +--- org.springframework.data:spring-data-jpa:1.10.2.RELEASE
|    |    +--- org.springframework.data:spring-data-commons:1.12.2.RELEASE
|    |    |    +--- org.springframework:spring-core:4.2.6.RELEASE -> 4.3.2.RELEASE
|    |    |    +--- org.springframework:spring-beans:4.2.6.RELEASE -> 4.3.2.RELEASE (*)
|    |    |    +--- org.slf4j:slf4j-api:1.7.21
|    |    |    \--- org.slf4j:jcl-over-slf4j:1.7.21 (*)
|    |    +--- org.springframework:spring-orm:4.2.6.RELEASE -> 4.3.2.RELEASE
|    |    |    +--- org.springframework:spring-beans:4.3.2.RELEASE (*)
|    |    |    +--- org.springframework:spring-core:4.3.2.RELEASE
|    |    |    +--- org.springframework:spring-jdbc:4.3.2.RELEASE (*)
|    |    |    \--- org.springframework:spring-tx:4.3.2.RELEASE (*)
|    |    +--- org.springframework:spring-context:4.2.6.RELEASE -> 4.3.2.RELEASE (*)
|    |    +--- org.springframework:spring-aop:4.2.6.RELEASE -> 4.3.2.RELEASE (*)
|    |    +--- org.springframework:spring-tx:4.2.6.RELEASE -> 4.3.2.RELEASE (*)
|    |    +--- org.springframework:spring-beans:4.2.6.RELEASE -> 4.3.2.RELEASE (*)
|    |    +--- org.springframework:spring-core:4.2.6.RELEASE -> 4.3.2.RELEASE
|    |    +--- org.slf4j:slf4j-api:1.7.21
|    |    \--- org.slf4j:jcl-over-slf4j:1.7.21 (*)
|    \--- org.springframework:spring-aspects:4.3.2.RELEASE
|         \--- org.aspectj:aspectjweaver:1.8.9
+--- org.springframework.boot:spring-boot-starter-jersey:1.4.0.RELEASE
|    +--- org.springframework.boot:spring-boot-starter:1.4.0.RELEASE (*)
|    +--- org.springframework.boot:spring-boot-starter-validation:1.4.0.RELEASE
|    |    +--- org.springframework.boot:spring-boot-starter:1.4.0.RELEASE (*)
|    |    +--- org.apache.tomcat.embed:tomcat-embed-el:8.5.4
|    |    \--- org.hibernate:hibernate-validator:5.2.4.Final (*)
|    +--- com.fasterxml.jackson.core:jackson-databind:2.8.1 -> 2.8.2 (*)
|    +--- org.springframework:spring-web:4.3.2.RELEASE (*)
|    +--- org.glassfish.jersey.core:jersey-server:2.23.1 -> 2.23.2
|    |    +--- org.glassfish.jersey.core:jersey-common:2.23.2
|    |    |    +--- javax.ws.rs:javax.ws.rs-api:2.0.1
|    |    |    +--- javax.annotation:javax.annotation-api:1.2
|    |    |    +--- org.glassfish.jersey.bundles.repackaged:jersey-guava:2.23.2
|    |    |    +--- org.glassfish.hk2:hk2-api:2.5.0-b05
|    |    |    |    +--- javax.inject:javax.inject:1
|    |    |    |    +--- org.glassfish.hk2:hk2-utils:2.5.0-b05
|    |    |    |    |    \--- javax.inject:javax.inject:1
|    |    |    |    \--- org.glassfish.hk2.external:aopalliance-repackaged:2.5.0-b05
|    |    |    +--- org.glassfish.hk2.external:javax.inject:2.5.0-b05
|    |    |    +--- org.glassfish.hk2:hk2-locator:2.5.0-b05
|    |    |    |    +--- org.glassfish.hk2.external:javax.inject:2.5.0-b05
|    |    |    |    +--- org.glassfish.hk2.external:aopalliance-repackaged:2.5.0-b05
|    |    |    |    +--- org.glassfish.hk2:hk2-api:2.5.0-b05 (*)
|    |    |    |    +--- org.glassfish.hk2:hk2-utils:2.5.0-b05 (*)
|    |    |    |    \--- org.javassist:javassist:3.20.0-GA
|    |    |    \--- org.glassfish.hk2:osgi-resource-locator:1.0.1
|    |    +--- org.glassfish.jersey.core:jersey-client:2.23.2
|    |    |    +--- javax.ws.rs:javax.ws.rs-api:2.0.1
|    |    |    +--- org.glassfish.jersey.core:jersey-common:2.23.2 (*)
|    |    |    +--- org.glassfish.hk2:hk2-api:2.5.0-b05 (*)
|    |    |    +--- org.glassfish.hk2.external:javax.inject:2.5.0-b05
|    |    |    \--- org.glassfish.hk2:hk2-locator:2.5.0-b05 (*)
|    |    +--- javax.ws.rs:javax.ws.rs-api:2.0.1
|    |    +--- org.glassfish.jersey.media:jersey-media-jaxb:2.23.2
|    |    |    +--- org.glassfish.jersey.core:jersey-common:2.23.2 (*)
|    |    |    +--- org.glassfish.hk2:hk2-api:2.5.0-b05 (*)
|    |    |    +--- org.glassfish.hk2.external:javax.inject:2.5.0-b05
|    |    |    +--- org.glassfish.hk2:hk2-locator:2.5.0-b05 (*)
|    |    |    \--- org.glassfish.hk2:osgi-resource-locator:1.0.1
|    |    +--- javax.annotation:javax.annotation-api:1.2
|    |    +--- org.glassfish.hk2:hk2-api:2.5.0-b05 (*)
|    |    +--- org.glassfish.hk2.external:javax.inject:2.5.0-b05
|    |    +--- org.glassfish.hk2:hk2-locator:2.5.0-b05 (*)
|    |    \--- javax.validation:validation-api:1.1.0.Final
|    +--- org.glassfish.jersey.containers:jersey-container-servlet-core:2.23.1 -> 2.23.2
|    |    +--- org.glassfish.hk2.external:javax.inject:2.5.0-b05
|    |    +--- org.glassfish.jersey.core:jersey-common:2.23.2 (*)
|    |    +--- org.glassfish.jersey.core:jersey-server:2.23.2 (*)
|    |    \--- javax.ws.rs:javax.ws.rs-api:2.0.1
|    +--- org.glassfish.jersey.containers:jersey-container-servlet:2.23.1
|    |    +--- org.glassfish.jersey.containers:jersey-container-servlet-core:2.23.1 -> 2.23.2 (*)
|    |    +--- org.glassfish.jersey.core:jersey-common:2.23.1 -> 2.23.2 (*)
|    |    +--- org.glassfish.jersey.core:jersey-server:2.23.1 -> 2.23.2 (*)
|    |    \--- javax.ws.rs:javax.ws.rs-api:2.0.1
|    +--- org.glassfish.jersey.ext:jersey-bean-validation:2.23.1
|    |    +--- org.glassfish.hk2.external:javax.inject:2.4.0-b34 -> 2.5.0-b05
|    |    +--- org.glassfish.jersey.core:jersey-common:2.23.1 -> 2.23.2 (*)
|    |    +--- org.glassfish.jersey.core:jersey-server:2.23.1 -> 2.23.2 (*)
|    |    +--- javax.validation:validation-api:1.1.0.Final
|    |    +--- org.hibernate:hibernate-validator:5.1.3.Final -> 5.2.4.Final (*)
|    |    \--- javax.ws.rs:javax.ws.rs-api:2.0.1
|    +--- org.glassfish.jersey.ext:jersey-spring3:2.23.1 -> 2.23.2
|    |    +--- org.glassfish.jersey.core:jersey-server:2.23.2 (*)
|    |    +--- org.glassfish.jersey.containers:jersey-container-servlet-core:2.23.2 (*)
|    |    +--- org.glassfish.hk2:hk2:2.5.0-b05
|    |    |    +--- org.glassfish.hk2:hk2-utils:2.5.0-b05 (*)
|    |    |    +--- org.glassfish.hk2:hk2-api:2.5.0-b05 (*)
|    |    |    +--- org.glassfish.hk2:config-types:2.5.0-b05
|    |    |    |    \--- org.glassfish.hk2:hk2-config:2.5.0-b05
|    |    |    |         +--- org.glassfish.hk2:hk2-core:2.5.0-b05
|    |    |    |         |    +--- org.glassfish.hk2:hk2-locator:2.5.0-b05 (*)
|    |    |    |         |    \--- org.glassfish.hk2:hk2-utils:2.5.0-b05 (*)
|    |    |    |         +--- org.jvnet:tiger-types:1.4
|    |    |    |         \--- org.glassfish.hk2.external:bean-validator:2.5.0-b05
|    |    |    +--- org.glassfish.hk2:hk2-core:2.5.0-b05 (*)
|    |    |    +--- org.glassfish.hk2:hk2-config:2.5.0-b05 (*)
|    |    |    +--- org.glassfish.hk2:hk2-locator:2.5.0-b05 (*)
|    |    |    +--- org.glassfish.hk2:hk2-runlevel:2.5.0-b05
|    |    |    |    +--- org.glassfish.hk2:hk2-api:2.5.0-b05 (*)
|    |    |    |    \--- org.glassfish.hk2:hk2-locator:2.5.0-b05 (*)
|    |    |    \--- org.glassfish.hk2:class-model:2.5.0-b05
|    |    |         \--- org.glassfish.hk2.external:asm-all-repackaged:2.5.0-b05
|    |    +--- org.glassfish.hk2:spring-bridge:2.5.0-b05
|    |    |    \--- org.springframework:spring-context:3.2.3.RELEASE -> 4.3.2.RELEASE (*)
|    |    +--- org.springframework:spring-beans:3.2.3.RELEASE -> 4.3.2.RELEASE (*)
|    |    +--- org.springframework:spring-core:3.2.3.RELEASE -> 4.3.2.RELEASE
|    |    +--- org.springframework:spring-web:3.2.3.RELEASE -> 4.3.2.RELEASE (*)
|    |    \--- javax.ws.rs:javax.ws.rs-api:2.0.1
|    \--- org.glassfish.jersey.media:jersey-media-json-jackson:2.23.1
|         +--- org.glassfish.jersey.core:jersey-common:2.23.1 -> 2.23.2 (*)
|         +--- org.glassfish.jersey.ext:jersey-entity-filtering:2.23.1
|         |    \--- javax.ws.rs:javax.ws.rs-api:2.0.1
|         +--- com.fasterxml.jackson.jaxrs:jackson-jaxrs-base:2.5.4 -> 2.8.2
|         |    +--- com.fasterxml.jackson.core:jackson-core:2.8.2
|         |    \--- com.fasterxml.jackson.core:jackson-databind:2.8.2 (*)
|         +--- com.fasterxml.jackson.jaxrs:jackson-jaxrs-json-provider:2.5.4 -> 2.8.2
|         |    +--- com.fasterxml.jackson.jaxrs:jackson-jaxrs-base:2.8.2 (*)
|         |    +--- com.fasterxml.jackson.core:jackson-core:2.8.2
|         |    +--- com.fasterxml.jackson.core:jackson-databind:2.8.2 (*)
|         |    \--- com.fasterxml.jackson.module:jackson-module-jaxb-annotations:2.8.2
|         |         +--- com.fasterxml.jackson.core:jackson-core:2.8.2
|         |         +--- com.fasterxml.jackson.core:jackson-annotations:2.8.0
|         |         \--- com.fasterxml.jackson.core:jackson-databind:2.8.2 (*)
|         \--- com.fasterxml.jackson.core:jackson-annotations:2.5.4 -> 2.8.0
+--- org.hibernate:hibernate-core:5.2.2.Final (*)
+--- org.hibernate:hibernate-entitymanager:5.2.2.Final (*)
+--- org.springframework:spring-orm:4.3.2.RELEASE (*)
+--- org.springframework.boot:spring-boot-starter-jetty:1.4.0.RELEASE
|    +--- org.eclipse.jetty:jetty-servlets:9.3.11.v20160721
|    |    +--- org.eclipse.jetty:jetty-continuation:9.3.11.v20160721
|    |    +--- org.eclipse.jetty:jetty-http:9.3.11.v20160721
|    |    |    \--- org.eclipse.jetty:jetty-util:9.3.11.v20160721
|    |    +--- org.eclipse.jetty:jetty-util:9.3.11.v20160721
|    |    \--- org.eclipse.jetty:jetty-io:9.3.11.v20160721
|    |         \--- org.eclipse.jetty:jetty-util:9.3.11.v20160721
|    +--- org.eclipse.jetty:jetty-webapp:9.3.11.v20160721
|    |    +--- org.eclipse.jetty:jetty-xml:9.3.11.v20160721
|    |    |    \--- org.eclipse.jetty:jetty-util:9.3.11.v20160721
|    |    \--- org.eclipse.jetty:jetty-servlet:9.3.11.v20160721
|    |         \--- org.eclipse.jetty:jetty-security:9.3.11.v20160721
|    |              \--- org.eclipse.jetty:jetty-server:9.3.11.v20160721
|    |                   +--- javax.servlet:javax.servlet-api:3.1.0
|    |                   +--- org.eclipse.jetty:jetty-http:9.3.11.v20160721 (*)
|    |                   \--- org.eclipse.jetty:jetty-io:9.3.11.v20160721 (*)
|    +--- org.eclipse.jetty.websocket:websocket-server:9.3.11.v20160721
|    |    +--- org.eclipse.jetty.websocket:websocket-common:9.3.11.v20160721
|    |    |    +--- org.eclipse.jetty.websocket:websocket-api:9.3.11.v20160721
|    |    |    +--- org.eclipse.jetty:jetty-util:9.3.11.v20160721
|    |    |    \--- org.eclipse.jetty:jetty-io:9.3.11.v20160721 (*)
|    |    +--- org.eclipse.jetty.websocket:websocket-client:9.3.11.v20160721
|    |    |    +--- org.eclipse.jetty:jetty-util:9.3.11.v20160721
|    |    |    +--- org.eclipse.jetty:jetty-io:9.3.11.v20160721 (*)
|    |    |    \--- org.eclipse.jetty.websocket:websocket-common:9.3.11.v20160721 (*)
|    |    +--- org.eclipse.jetty.websocket:websocket-servlet:9.3.11.v20160721
|    |    |    +--- org.eclipse.jetty.websocket:websocket-api:9.3.11.v20160721
|    |    |    \--- javax.servlet:javax.servlet-api:3.1.0
|    |    +--- org.eclipse.jetty:jetty-servlet:9.3.11.v20160721 (*)
|    |    \--- org.eclipse.jetty:jetty-http:9.3.11.v20160721 (*)
|    \--- org.eclipse.jetty.websocket:javax-websocket-server-impl:9.3.11.v20160721
|         +--- org.eclipse.jetty:jetty-annotations:9.3.11.v20160721
|         |    +--- org.eclipse.jetty:jetty-plus:9.3.11.v20160721
|         |    |    \--- org.eclipse.jetty:jetty-webapp:9.3.11.v20160721 (*)
|         |    +--- org.eclipse.jetty:jetty-webapp:9.3.11.v20160721 (*)
|         |    +--- javax.annotation:javax.annotation-api:1.2
|         |    +--- org.ow2.asm:asm:5.0.1
|         |    \--- org.ow2.asm:asm-commons:5.0.1
|         |         \--- org.ow2.asm:asm-tree:5.0.1
|         |              \--- org.ow2.asm:asm:5.0.1
|         +--- org.eclipse.jetty.websocket:javax-websocket-client-impl:9.3.11.v20160721
|         |    +--- org.eclipse.jetty.websocket:websocket-client:9.3.11.v20160721 (*)
|         |    \--- javax.websocket:javax.websocket-api:1.0
|         +--- org.eclipse.jetty.websocket:websocket-server:9.3.11.v20160721 (*)
|         \--- javax.websocket:javax.websocket-api:1.0
+--- joda-time:joda-time:2.9.4
+--- org.jadira.usertype:usertype.core:6.0.1.GA
|    +--- org.hibernate:hibernate-entitymanager:5.2.1.Final -> 5.2.2.Final (*)
|    +--- org.slf4j:slf4j-api:1.7.12 -> 1.7.21
|    \--- org.jadira.usertype:usertype.spi:6.0.1.GA
|         \--- org.slf4j:slf4j-api:1.7.12 -> 1.7.21
+--- org.glassfish.jersey.ext:jersey-spring3:2.23.2 (*)
+--- org.apache.commons:commons-lang3:3.4
+--- com.google.guava:guava:19.0
+--- javax.ws.rs:javax.ws.rs-api:2.0.1
+--- javax.validation:validation-api:1.1.0.Final
+--- com.fasterxml.jackson.core:jackson-core:2.8.2
+--- com.fasterxml.jackson.core:jackson-databind:2.8.2 (*)
+--- com.fasterxml.jackson.jaxrs:jackson-jaxrs-json-provider:2.8.2 (*)
+--- javax.servlet:javax.servlet-api:3.1.0
+--- mysql:mysql-connector-java:5.1.26
+--- org.jboss.logging:jboss-logging:3.2.0.Final -> 3.3.0.Final
\--- project :commons
     +--- javax.ws.rs:javax.ws.rs-api:2.0.1
     \--- javax.validation:validation-api:1.1.0.Final

default - Configuration for default artifacts.
+--- org.springframework.boot:spring-boot: -> 1.4.0.RELEASE
|    +--- org.springframework:spring-core:4.3.2.RELEASE
|    \--- org.springframework:spring-context:4.3.2.RELEASE
|         +--- org.springframework:spring-aop:4.3.2.RELEASE
|         |    +--- org.springframework:spring-beans:4.3.2.RELEASE
|         |    |    \--- org.springframework:spring-core:4.3.2.RELEASE
|         |    \--- org.springframework:spring-core:4.3.2.RELEASE
|         +--- org.springframework:spring-beans:4.3.2.RELEASE (*)
|         +--- org.springframework:spring-core:4.3.2.RELEASE
|         \--- org.springframework:spring-expression:4.3.2.RELEASE
|              \--- org.springframework:spring-core:4.3.2.RELEASE
+--- org.springframework.boot:spring-boot-starter-web:1.4.0.RELEASE
|    +--- org.springframework.boot:spring-boot-starter:1.4.0.RELEASE
|    |    +--- org.springframework.boot:spring-boot:1.4.0.RELEASE (*)
|    |    +--- org.springframework.boot:spring-boot-autoconfigure:1.4.0.RELEASE
|    |    |    \--- org.springframework.boot:spring-boot:1.4.0.RELEASE (*)
|    |    +--- org.springframework.boot:spring-boot-starter-logging:1.4.0.RELEASE
|    |    |    +--- ch.qos.logback:logback-classic:1.1.7
|    |    |    |    +--- ch.qos.logback:logback-core:1.1.7
|    |    |    |    \--- org.slf4j:slf4j-api:1.7.20 -> 1.7.21
|    |    |    +--- org.slf4j:jcl-over-slf4j:1.7.21
|    |    |    |    \--- org.slf4j:slf4j-api:1.7.21
|    |    |    +--- org.slf4j:jul-to-slf4j:1.7.21
|    |    |    |    \--- org.slf4j:slf4j-api:1.7.21
|    |    |    \--- org.slf4j:log4j-over-slf4j:1.7.21
|    |    |         \--- org.slf4j:slf4j-api:1.7.21
|    |    +--- org.springframework:spring-core:4.3.2.RELEASE
|    |    \--- org.yaml:snakeyaml:1.17
|    +--- org.hibernate:hibernate-validator:5.2.4.Final
|    |    +--- javax.validation:validation-api:1.1.0.Final
|    |    +--- org.jboss.logging:jboss-logging:3.2.1.Final -> 3.3.0.Final
|    |    \--- com.fasterxml:classmate:1.1.0 -> 1.3.0
|    +--- com.fasterxml.jackson.core:jackson-databind:2.8.1 -> 2.8.2
|    |    +--- com.fasterxml.jackson.core:jackson-annotations:2.8.0
|    |    \--- com.fasterxml.jackson.core:jackson-core:2.8.2
|    +--- org.springframework:spring-web:4.3.2.RELEASE
|    |    +--- org.springframework:spring-aop:4.3.2.RELEASE (*)
|    |    +--- org.springframework:spring-beans:4.3.2.RELEASE (*)
|    |    +--- org.springframework:spring-context:4.3.2.RELEASE (*)
|    |    \--- org.springframework:spring-core:4.3.2.RELEASE
|    \--- org.springframework:spring-webmvc:4.3.2.RELEASE
|         +--- org.springframework:spring-aop:4.3.2.RELEASE (*)
|         +--- org.springframework:spring-beans:4.3.2.RELEASE (*)
|         +--- org.springframework:spring-context:4.3.2.RELEASE (*)
|         +--- org.springframework:spring-core:4.3.2.RELEASE
|         +--- org.springframework:spring-expression:4.3.2.RELEASE (*)
|         \--- org.springframework:spring-web:4.3.2.RELEASE (*)
+--- org.springframework.boot:spring-boot-starter-data-jpa:1.4.0.RELEASE
|    +--- org.springframework.boot:spring-boot-starter:1.4.0.RELEASE (*)
|    +--- org.springframework.boot:spring-boot-starter-aop:1.4.0.RELEASE
|    |    +--- org.springframework.boot:spring-boot-starter:1.4.0.RELEASE (*)
|    |    +--- org.springframework:spring-aop:4.3.2.RELEASE (*)
|    |    \--- org.aspectj:aspectjweaver:1.8.9
|    +--- org.springframework.boot:spring-boot-starter-jdbc:1.4.0.RELEASE
|    |    +--- org.springframework.boot:spring-boot-starter:1.4.0.RELEASE (*)
|    |    +--- org.apache.tomcat:tomcat-jdbc:8.5.4
|    |    |    \--- org.apache.tomcat:tomcat-juli:8.5.4
|    |    \--- org.springframework:spring-jdbc:4.3.2.RELEASE
|    |         +--- org.springframework:spring-beans:4.3.2.RELEASE (*)
|    |         +--- org.springframework:spring-core:4.3.2.RELEASE
|    |         \--- org.springframework:spring-tx:4.3.2.RELEASE
|    |              +--- org.springframework:spring-beans:4.3.2.RELEASE (*)
|    |              \--- org.springframework:spring-core:4.3.2.RELEASE
|    +--- org.hibernate:hibernate-core:5.0.9.Final -> 5.2.2.Final
|    |    +--- org.jboss.logging:jboss-logging:3.3.0.Final
|    |    +--- org.hibernate.javax.persistence:hibernate-jpa-2.1-api:1.0.0.Final
|    |    +--- org.javassist:javassist:3.20.0-GA
|    |    +--- antlr:antlr:2.7.7
|    |    +--- org.apache.geronimo.specs:geronimo-jta_1.1_spec:1.1.1
|    |    +--- org.jboss:jandex:2.0.0.Final
|    |    +--- com.fasterxml:classmate:1.3.0
|    |    +--- dom4j:dom4j:1.6.1
|    |    +--- org.hibernate.common:hibernate-commons-annotations:5.0.1.Final
|    |    |    \--- org.jboss.logging:jboss-logging:3.3.0.Final
|    |    \--- javax.enterprise:cdi-api:1.1
|    |         +--- javax.el:el-api:2.2
|    |         +--- org.jboss.spec.javax.interceptor:jboss-interceptors-api_1.1_spec:1.0.0.Beta1
|    |         +--- javax.annotation:jsr250-api:1.0
|    |         \--- javax.inject:javax.inject:1
|    +--- org.hibernate:hibernate-entitymanager:5.0.9.Final -> 5.2.2.Final
|    |    +--- org.jboss.logging:jboss-logging:3.3.0.Final
|    |    +--- org.hibernate:hibernate-core:5.2.2.Final (*)
|    |    +--- dom4j:dom4j:1.6.1
|    |    +--- org.hibernate.common:hibernate-commons-annotations:5.0.1.Final (*)
|    |    +--- org.hibernate.javax.persistence:hibernate-jpa-2.1-api:1.0.0.Final
|    |    +--- org.javassist:javassist:3.20.0-GA
|    |    \--- org.apache.geronimo.specs:geronimo-jta_1.1_spec:1.1.1
|    +--- javax.transaction:javax.transaction-api:1.2
|    +--- org.springframework.data:spring-data-jpa:1.10.2.RELEASE
|    |    +--- org.springframework.data:spring-data-commons:1.12.2.RELEASE
|    |    |    +--- org.springframework:spring-core:4.2.6.RELEASE -> 4.3.2.RELEASE
|    |    |    +--- org.springframework:spring-beans:4.2.6.RELEASE -> 4.3.2.RELEASE (*)
|    |    |    +--- org.slf4j:slf4j-api:1.7.21
|    |    |    \--- org.slf4j:jcl-over-slf4j:1.7.21 (*)
|    |    +--- org.springframework:spring-orm:4.2.6.RELEASE -> 4.3.2.RELEASE
|    |    |    +--- org.springframework:spring-beans:4.3.2.RELEASE (*)
|    |    |    +--- org.springframework:spring-core:4.3.2.RELEASE
|    |    |    +--- org.springframework:spring-jdbc:4.3.2.RELEASE (*)
|    |    |    \--- org.springframework:spring-tx:4.3.2.RELEASE (*)
|    |    +--- org.springframework:spring-context:4.2.6.RELEASE -> 4.3.2.RELEASE (*)
|    |    +--- org.springframework:spring-aop:4.2.6.RELEASE -> 4.3.2.RELEASE (*)
|    |    +--- org.springframework:spring-tx:4.2.6.RELEASE -> 4.3.2.RELEASE (*)
|    |    +--- org.springframework:spring-beans:4.2.6.RELEASE -> 4.3.2.RELEASE (*)
|    |    +--- org.springframework:spring-core:4.2.6.RELEASE -> 4.3.2.RELEASE
|    |    +--- org.slf4j:slf4j-api:1.7.21
|    |    \--- org.slf4j:jcl-over-slf4j:1.7.21 (*)
|    \--- org.springframework:spring-aspects:4.3.2.RELEASE
|         \--- org.aspectj:aspectjweaver:1.8.9
+--- org.springframework.boot:spring-boot-starter-jersey:1.4.0.RELEASE
|    +--- org.springframework.boot:spring-boot-starter:1.4.0.RELEASE (*)
|    +--- org.springframework.boot:spring-boot-starter-validation:1.4.0.RELEASE
|    |    +--- org.springframework.boot:spring-boot-starter:1.4.0.RELEASE (*)
|    |    +--- org.apache.tomcat.embed:tomcat-embed-el:8.5.4
|    |    \--- org.hibernate:hibernate-validator:5.2.4.Final (*)
|    +--- com.fasterxml.jackson.core:jackson-databind:2.8.1 -> 2.8.2 (*)
|    +--- org.springframework:spring-web:4.3.2.RELEASE (*)
|    +--- org.glassfish.jersey.core:jersey-server:2.23.1 -> 2.23.2
|    |    +--- org.glassfish.jersey.core:jersey-common:2.23.2
|    |    |    +--- javax.ws.rs:javax.ws.rs-api:2.0.1
|    |    |    +--- javax.annotation:javax.annotation-api:1.2
|    |    |    +--- org.glassfish.jersey.bundles.repackaged:jersey-guava:2.23.2
|    |    |    +--- org.glassfish.hk2:hk2-api:2.5.0-b05
|    |    |    |    +--- javax.inject:javax.inject:1
|    |    |    |    +--- org.glassfish.hk2:hk2-utils:2.5.0-b05
|    |    |    |    |    \--- javax.inject:javax.inject:1
|    |    |    |    \--- org.glassfish.hk2.external:aopalliance-repackaged:2.5.0-b05
|    |    |    +--- org.glassfish.hk2.external:javax.inject:2.5.0-b05
|    |    |    +--- org.glassfish.hk2:hk2-locator:2.5.0-b05
|    |    |    |    +--- org.glassfish.hk2.external:javax.inject:2.5.0-b05
|    |    |    |    +--- org.glassfish.hk2.external:aopalliance-repackaged:2.5.0-b05
|    |    |    |    +--- org.glassfish.hk2:hk2-api:2.5.0-b05 (*)
|    |    |    |    +--- org.glassfish.hk2:hk2-utils:2.5.0-b05 (*)
|    |    |    |    \--- org.javassist:javassist:3.20.0-GA
|    |    |    \--- org.glassfish.hk2:osgi-resource-locator:1.0.1
|    |    +--- org.glassfish.jersey.core:jersey-client:2.23.2
|    |    |    +--- javax.ws.rs:javax.ws.rs-api:2.0.1
|    |    |    +--- org.glassfish.jersey.core:jersey-common:2.23.2 (*)
|    |    |    +--- org.glassfish.hk2:hk2-api:2.5.0-b05 (*)
|    |    |    +--- org.glassfish.hk2.external:javax.inject:2.5.0-b05
|    |    |    \--- org.glassfish.hk2:hk2-locator:2.5.0-b05 (*)
|    |    +--- javax.ws.rs:javax.ws.rs-api:2.0.1
|    |    +--- org.glassfish.jersey.media:jersey-media-jaxb:2.23.2
|    |    |    +--- org.glassfish.jersey.core:jersey-common:2.23.2 (*)
|    |    |    +--- org.glassfish.hk2:hk2-api:2.5.0-b05 (*)
|    |    |    +--- org.glassfish.hk2.external:javax.inject:2.5.0-b05
|    |    |    +--- org.glassfish.hk2:hk2-locator:2.5.0-b05 (*)
|    |    |    \--- org.glassfish.hk2:osgi-resource-locator:1.0.1
|    |    +--- javax.annotation:javax.annotation-api:1.2
|    |    +--- org.glassfish.hk2:hk2-api:2.5.0-b05 (*)
|    |    +--- org.glassfish.hk2.external:javax.inject:2.5.0-b05
|    |    +--- org.glassfish.hk2:hk2-locator:2.5.0-b05 (*)
|    |    \--- javax.validation:validation-api:1.1.0.Final
|    +--- org.glassfish.jersey.containers:jersey-container-servlet-core:2.23.1 -> 2.23.2
|    |    +--- org.glassfish.hk2.external:javax.inject:2.5.0-b05
|    |    +--- org.glassfish.jersey.core:jersey-common:2.23.2 (*)
|    |    +--- org.glassfish.jersey.core:jersey-server:2.23.2 (*)
|    |    \--- javax.ws.rs:javax.ws.rs-api:2.0.1
|    +--- org.glassfish.jersey.containers:jersey-container-servlet:2.23.1
|    |    +--- org.glassfish.jersey.containers:jersey-container-servlet-core:2.23.1 -> 2.23.2 (*)
|    |    +--- org.glassfish.jersey.core:jersey-common:2.23.1 -> 2.23.2 (*)
|    |    +--- org.glassfish.jersey.core:jersey-server:2.23.1 -> 2.23.2 (*)
|    |    \--- javax.ws.rs:javax.ws.rs-api:2.0.1
|    +--- org.glassfish.jersey.ext:jersey-bean-validation:2.23.1
|    |    +--- org.glassfish.hk2.external:javax.inject:2.4.0-b34 -> 2.5.0-b05
|    |    +--- org.glassfish.jersey.core:jersey-common:2.23.1 -> 2.23.2 (*)
|    |    +--- org.glassfish.jersey.core:jersey-server:2.23.1 -> 2.23.2 (*)
|    |    +--- javax.validation:validation-api:1.1.0.Final
|    |    +--- org.hibernate:hibernate-validator:5.1.3.Final -> 5.2.4.Final (*)
|    |    \--- javax.ws.rs:javax.ws.rs-api:2.0.1
|    +--- org.glassfish.jersey.ext:jersey-spring3:2.23.1 -> 2.23.2
|    |    +--- org.glassfish.jersey.core:jersey-server:2.23.2 (*)
|    |    +--- org.glassfish.jersey.containers:jersey-container-servlet-core:2.23.2 (*)
|    |    +--- org.glassfish.hk2:hk2:2.5.0-b05
|    |    |    +--- org.glassfish.hk2:hk2-utils:2.5.0-b05 (*)
|    |    |    +--- org.glassfish.hk2:hk2-api:2.5.0-b05 (*)
|    |    |    +--- org.glassfish.hk2:config-types:2.5.0-b05
|    |    |    |    \--- org.glassfish.hk2:hk2-config:2.5.0-b05
|    |    |    |         +--- org.glassfish.hk2:hk2-core:2.5.0-b05
|    |    |    |         |    +--- org.glassfish.hk2:hk2-locator:2.5.0-b05 (*)
|    |    |    |         |    \--- org.glassfish.hk2:hk2-utils:2.5.0-b05 (*)
|    |    |    |         +--- org.jvnet:tiger-types:1.4
|    |    |    |         \--- org.glassfish.hk2.external:bean-validator:2.5.0-b05
|    |    |    +--- org.glassfish.hk2:hk2-core:2.5.0-b05 (*)
|    |    |    +--- org.glassfish.hk2:hk2-config:2.5.0-b05 (*)
|    |    |    +--- org.glassfish.hk2:hk2-locator:2.5.0-b05 (*)
|    |    |    +--- org.glassfish.hk2:hk2-runlevel:2.5.0-b05
|    |    |    |    +--- org.glassfish.hk2:hk2-api:2.5.0-b05 (*)
|    |    |    |    \--- org.glassfish.hk2:hk2-locator:2.5.0-b05 (*)
|    |    |    \--- org.glassfish.hk2:class-model:2.5.0-b05
|    |    |         \--- org.glassfish.hk2.external:asm-all-repackaged:2.5.0-b05
|    |    +--- org.glassfish.hk2:spring-bridge:2.5.0-b05
|    |    |    \--- org.springframework:spring-context:3.2.3.RELEASE -> 4.3.2.RELEASE (*)
|    |    +--- org.springframework:spring-beans:3.2.3.RELEASE -> 4.3.2.RELEASE (*)
|    |    +--- org.springframework:spring-core:3.2.3.RELEASE -> 4.3.2.RELEASE
|    |    +--- org.springframework:spring-web:3.2.3.RELEASE -> 4.3.2.RELEASE (*)
|    |    \--- javax.ws.rs:javax.ws.rs-api:2.0.1
|    \--- org.glassfish.jersey.media:jersey-media-json-jackson:2.23.1
|         +--- org.glassfish.jersey.core:jersey-common:2.23.1 -> 2.23.2 (*)
|         +--- org.glassfish.jersey.ext:jersey-entity-filtering:2.23.1
|         |    \--- javax.ws.rs:javax.ws.rs-api:2.0.1
|         +--- com.fasterxml.jackson.jaxrs:jackson-jaxrs-base:2.5.4 -> 2.8.2
|         |    +--- com.fasterxml.jackson.core:jackson-core:2.8.2
|         |    \--- com.fasterxml.jackson.core:jackson-databind:2.8.2 (*)
|         +--- com.fasterxml.jackson.jaxrs:jackson-jaxrs-json-provider:2.5.4 -> 2.8.2
|         |    +--- com.fasterxml.jackson.jaxrs:jackson-jaxrs-base:2.8.2 (*)
|         |    +--- com.fasterxml.jackson.core:jackson-core:2.8.2
|         |    +--- com.fasterxml.jackson.core:jackson-databind:2.8.2 (*)
|         |    \--- com.fasterxml.jackson.module:jackson-module-jaxb-annotations:2.8.2
|         |         +--- com.fasterxml.jackson.core:jackson-core:2.8.2
|         |         +--- com.fasterxml.jackson.core:jackson-annotations:2.8.0
|         |         \--- com.fasterxml.jackson.core:jackson-databind:2.8.2 (*)
|         \--- com.fasterxml.jackson.core:jackson-annotations:2.5.4 -> 2.8.0
+--- org.hibernate:hibernate-core:5.2.2.Final (*)
+--- org.hibernate:hibernate-entitymanager:5.2.2.Final (*)
+--- org.springframework:spring-orm:4.3.2.RELEASE (*)
+--- org.springframework.boot:spring-boot-starter-jetty:1.4.0.RELEASE
|    +--- org.eclipse.jetty:jetty-servlets:9.3.11.v20160721
|    |    +--- org.eclipse.jetty:jetty-continuation:9.3.11.v20160721
|    |    +--- org.eclipse.jetty:jetty-http:9.3.11.v20160721
|    |    |    \--- org.eclipse.jetty:jetty-util:9.3.11.v20160721
|    |    +--- org.eclipse.jetty:jetty-util:9.3.11.v20160721
|    |    \--- org.eclipse.jetty:jetty-io:9.3.11.v20160721
|    |         \--- org.eclipse.jetty:jetty-util:9.3.11.v20160721
|    +--- org.eclipse.jetty:jetty-webapp:9.3.11.v20160721
|    |    +--- org.eclipse.jetty:jetty-xml:9.3.11.v20160721
|    |    |    \--- org.eclipse.jetty:jetty-util:9.3.11.v20160721
|    |    \--- org.eclipse.jetty:jetty-servlet:9.3.11.v20160721
|    |         \--- org.eclipse.jetty:jetty-security:9.3.11.v20160721
|    |              \--- org.eclipse.jetty:jetty-server:9.3.11.v20160721
|    |                   +--- javax.servlet:javax.servlet-api:3.1.0
|    |                   +--- org.eclipse.jetty:jetty-http:9.3.11.v20160721 (*)
|    |                   \--- org.eclipse.jetty:jetty-io:9.3.11.v20160721 (*)
|    +--- org.eclipse.jetty.websocket:websocket-server:9.3.11.v20160721
|    |    +--- org.eclipse.jetty.websocket:websocket-common:9.3.11.v20160721
|    |    |    +--- org.eclipse.jetty.websocket:websocket-api:9.3.11.v20160721
|    |    |    +--- org.eclipse.jetty:jetty-util:9.3.11.v20160721
|    |    |    \--- org.eclipse.jetty:jetty-io:9.3.11.v20160721 (*)
|    |    +--- org.eclipse.jetty.websocket:websocket-client:9.3.11.v20160721
|    |    |    +--- org.eclipse.jetty:jetty-util:9.3.11.v20160721
|    |    |    +--- org.eclipse.jetty:jetty-io:9.3.11.v20160721 (*)
|    |    |    \--- org.eclipse.jetty.websocket:websocket-common:9.3.11.v20160721 (*)
|    |    +--- org.eclipse.jetty.websocket:websocket-servlet:9.3.11.v20160721
|    |    |    +--- org.eclipse.jetty.websocket:websocket-api:9.3.11.v20160721
|    |    |    \--- javax.servlet:javax.servlet-api:3.1.0
|    |    +--- org.eclipse.jetty:jetty-servlet:9.3.11.v20160721 (*)
|    |    \--- org.eclipse.jetty:jetty-http:9.3.11.v20160721 (*)
|    \--- org.eclipse.jetty.websocket:javax-websocket-server-impl:9.3.11.v20160721
|         +--- org.eclipse.jetty:jetty-annotations:9.3.11.v20160721
|         |    +--- org.eclipse.jetty:jetty-plus:9.3.11.v20160721
|         |    |    \--- org.eclipse.jetty:jetty-webapp:9.3.11.v20160721 (*)
|         |    +--- org.eclipse.jetty:jetty-webapp:9.3.11.v20160721 (*)
|         |    +--- javax.annotation:javax.annotation-api:1.2
|         |    +--- org.ow2.asm:asm:5.0.1
|         |    \--- org.ow2.asm:asm-commons:5.0.1
|         |         \--- org.ow2.asm:asm-tree:5.0.1
|         |              \--- org.ow2.asm:asm:5.0.1
|         +--- org.eclipse.jetty.websocket:javax-websocket-client-impl:9.3.11.v20160721
|         |    +--- org.eclipse.jetty.websocket:websocket-client:9.3.11.v20160721 (*)
|         |    \--- javax.websocket:javax.websocket-api:1.0
|         +--- org.eclipse.jetty.websocket:websocket-server:9.3.11.v20160721 (*)
|         \--- javax.websocket:javax.websocket-api:1.0
+--- joda-time:joda-time:2.9.4
+--- org.jadira.usertype:usertype.core:6.0.1.GA
|    +--- org.hibernate:hibernate-entitymanager:5.2.1.Final -> 5.2.2.Final (*)
|    +--- org.slf4j:slf4j-api:1.7.12 -> 1.7.21
|    \--- org.jadira.usertype:usertype.spi:6.0.1.GA
|         \--- org.slf4j:slf4j-api:1.7.12 -> 1.7.21
+--- org.glassfish.jersey.ext:jersey-spring3:2.23.2 (*)
+--- org.apache.commons:commons-lang3:3.4
+--- com.google.guava:guava:19.0
+--- javax.ws.rs:javax.ws.rs-api:2.0.1
+--- javax.validation:validation-api:1.1.0.Final
+--- com.fasterxml.jackson.core:jackson-core:2.8.2
+--- com.fasterxml.jackson.core:jackson-databind:2.8.2 (*)
+--- com.fasterxml.jackson.jaxrs:jackson-jaxrs-json-provider:2.8.2 (*)
+--- javax.servlet:javax.servlet-api:3.1.0
+--- mysql:mysql-connector-java:5.1.26
+--- org.jboss.logging:jboss-logging:3.2.0.Final -> 3.3.0.Final
\--- project :commons
     +--- javax.ws.rs:javax.ws.rs-api:2.0.1
     \--- javax.validation:validation-api:1.1.0.Final

providedCompile - Additional compile classpath for libraries that should not be part of the WAR archive.
No dependencies

providedRuntime - Additional runtime classpath for libraries that should not be part of the WAR archive.
No dependencies

runtime - Runtime classpath for source set 'main'.
+--- org.springframework.boot:spring-boot: -> 1.4.0.RELEASE
|    +--- org.springframework:spring-core:4.3.2.RELEASE
|    \--- org.springframework:spring-context:4.3.2.RELEASE
|         +--- org.springframework:spring-aop:4.3.2.RELEASE
|         |    +--- org.springframework:spring-beans:4.3.2.RELEASE
|         |    |    \--- org.springframework:spring-core:4.3.2.RELEASE
|         |    \--- org.springframework:spring-core:4.3.2.RELEASE
|         +--- org.springframework:spring-beans:4.3.2.RELEASE (*)
|         +--- org.springframework:spring-core:4.3.2.RELEASE
|         \--- org.springframework:spring-expression:4.3.2.RELEASE
|              \--- org.springframework:spring-core:4.3.2.RELEASE
+--- org.springframework.boot:spring-boot-starter-web:1.4.0.RELEASE
|    +--- org.springframework.boot:spring-boot-starter:1.4.0.RELEASE
|    |    +--- org.springframework.boot:spring-boot:1.4.0.RELEASE (*)
|    |    +--- org.springframework.boot:spring-boot-autoconfigure:1.4.0.RELEASE
|    |    |    \--- org.springframework.boot:spring-boot:1.4.0.RELEASE (*)
|    |    +--- org.springframework.boot:spring-boot-starter-logging:1.4.0.RELEASE
|    |    |    +--- ch.qos.logback:logback-classic:1.1.7
|    |    |    |    +--- ch.qos.logback:logback-core:1.1.7
|    |    |    |    \--- org.slf4j:slf4j-api:1.7.20 -> 1.7.21
|    |    |    +--- org.slf4j:jcl-over-slf4j:1.7.21
|    |    |    |    \--- org.slf4j:slf4j-api:1.7.21
|    |    |    +--- org.slf4j:jul-to-slf4j:1.7.21
|    |    |    |    \--- org.slf4j:slf4j-api:1.7.21
|    |    |    \--- org.slf4j:log4j-over-slf4j:1.7.21
|    |    |         \--- org.slf4j:slf4j-api:1.7.21
|    |    +--- org.springframework:spring-core:4.3.2.RELEASE
|    |    \--- org.yaml:snakeyaml:1.17
|    +--- org.hibernate:hibernate-validator:5.2.4.Final
|    |    +--- javax.validation:validation-api:1.1.0.Final
|    |    +--- org.jboss.logging:jboss-logging:3.2.1.Final -> 3.3.0.Final
|    |    \--- com.fasterxml:classmate:1.1.0 -> 1.3.0
|    +--- com.fasterxml.jackson.core:jackson-databind:2.8.1 -> 2.8.2
|    |    +--- com.fasterxml.jackson.core:jackson-annotations:2.8.0
|    |    \--- com.fasterxml.jackson.core:jackson-core:2.8.2
|    +--- org.springframework:spring-web:4.3.2.RELEASE
|    |    +--- org.springframework:spring-aop:4.3.2.RELEASE (*)
|    |    +--- org.springframework:spring-beans:4.3.2.RELEASE (*)
|    |    +--- org.springframework:spring-context:4.3.2.RELEASE (*)
|    |    \--- org.springframework:spring-core:4.3.2.RELEASE
|    \--- org.springframework:spring-webmvc:4.3.2.RELEASE
|         +--- org.springframework:spring-aop:4.3.2.RELEASE (*)
|         +--- org.springframework:spring-beans:4.3.2.RELEASE (*)
|         +--- org.springframework:spring-context:4.3.2.RELEASE (*)
|         +--- org.springframework:spring-core:4.3.2.RELEASE
|         +--- org.springframework:spring-expression:4.3.2.RELEASE (*)
|         \--- org.springframework:spring-web:4.3.2.RELEASE (*)
+--- org.springframework.boot:spring-boot-starter-data-jpa:1.4.0.RELEASE
|    +--- org.springframework.boot:spring-boot-starter:1.4.0.RELEASE (*)
|    +--- org.springframework.boot:spring-boot-starter-aop:1.4.0.RELEASE
|    |    +--- org.springframework.boot:spring-boot-starter:1.4.0.RELEASE (*)
|    |    +--- org.springframework:spring-aop:4.3.2.RELEASE (*)
|    |    \--- org.aspectj:aspectjweaver:1.8.9
|    +--- org.springframework.boot:spring-boot-starter-jdbc:1.4.0.RELEASE
|    |    +--- org.springframework.boot:spring-boot-starter:1.4.0.RELEASE (*)
|    |    +--- org.apache.tomcat:tomcat-jdbc:8.5.4
|    |    |    \--- org.apache.tomcat:tomcat-juli:8.5.4
|    |    \--- org.springframework:spring-jdbc:4.3.2.RELEASE
|    |         +--- org.springframework:spring-beans:4.3.2.RELEASE (*)
|    |         +--- org.springframework:spring-core:4.3.2.RELEASE
|    |         \--- org.springframework:spring-tx:4.3.2.RELEASE
|    |              +--- org.springframework:spring-beans:4.3.2.RELEASE (*)
|    |              \--- org.springframework:spring-core:4.3.2.RELEASE
|    +--- org.hibernate:hibernate-core:5.0.9.Final -> 5.2.2.Final
|    |    +--- org.jboss.logging:jboss-logging:3.3.0.Final
|    |    +--- org.hibernate.javax.persistence:hibernate-jpa-2.1-api:1.0.0.Final
|    |    +--- org.javassist:javassist:3.20.0-GA
|    |    +--- antlr:antlr:2.7.7
|    |    +--- org.apache.geronimo.specs:geronimo-jta_1.1_spec:1.1.1
|    |    +--- org.jboss:jandex:2.0.0.Final
|    |    +--- com.fasterxml:classmate:1.3.0
|    |    +--- dom4j:dom4j:1.6.1
|    |    +--- org.hibernate.common:hibernate-commons-annotations:5.0.1.Final
|    |    |    \--- org.jboss.logging:jboss-logging:3.3.0.Final
|    |    \--- javax.enterprise:cdi-api:1.1
|    |         +--- javax.el:el-api:2.2
|    |         +--- org.jboss.spec.javax.interceptor:jboss-interceptors-api_1.1_spec:1.0.0.Beta1
|    |         +--- javax.annotation:jsr250-api:1.0
|    |         \--- javax.inject:javax.inject:1
|    +--- org.hibernate:hibernate-entitymanager:5.0.9.Final -> 5.2.2.Final
|    |    +--- org.jboss.logging:jboss-logging:3.3.0.Final
|    |    +--- org.hibernate:hibernate-core:5.2.2.Final (*)
|    |    +--- dom4j:dom4j:1.6.1
|    |    +--- org.hibernate.common:hibernate-commons-annotations:5.0.1.Final (*)
|    |    +--- org.hibernate.javax.persistence:hibernate-jpa-2.1-api:1.0.0.Final
|    |    +--- org.javassist:javassist:3.20.0-GA
|    |    \--- org.apache.geronimo.specs:geronimo-jta_1.1_spec:1.1.1
|    +--- javax.transaction:javax.transaction-api:1.2
|    +--- org.springframework.data:spring-data-jpa:1.10.2.RELEASE
|    |    +--- org.springframework.data:spring-data-commons:1.12.2.RELEASE
|    |    |    +--- org.springframework:spring-core:4.2.6.RELEASE -> 4.3.2.RELEASE
|    |    |    +--- org.springframework:spring-beans:4.2.6.RELEASE -> 4.3.2.RELEASE (*)
|    |    |    +--- org.slf4j:slf4j-api:1.7.21
|    |    |    \--- org.slf4j:jcl-over-slf4j:1.7.21 (*)
|    |    +--- org.springframework:spring-orm:4.2.6.RELEASE -> 4.3.2.RELEASE
|    |    |    +--- org.springframework:spring-beans:4.3.2.RELEASE (*)
|    |    |    +--- org.springframework:spring-core:4.3.2.RELEASE
|    |    |    +--- org.springframework:spring-jdbc:4.3.2.RELEASE (*)
|    |    |    \--- org.springframework:spring-tx:4.3.2.RELEASE (*)
|    |    +--- org.springframework:spring-context:4.2.6.RELEASE -> 4.3.2.RELEASE (*)
|    |    +--- org.springframework:spring-aop:4.2.6.RELEASE -> 4.3.2.RELEASE (*)
|    |    +--- org.springframework:spring-tx:4.2.6.RELEASE -> 4.3.2.RELEASE (*)
|    |    +--- org.springframework:spring-beans:4.2.6.RELEASE -> 4.3.2.RELEASE (*)
|    |    +--- org.springframework:spring-core:4.2.6.RELEASE -> 4.3.2.RELEASE
|    |    +--- org.slf4j:slf4j-api:1.7.21
|    |    \--- org.slf4j:jcl-over-slf4j:1.7.21 (*)
|    \--- org.springframework:spring-aspects:4.3.2.RELEASE
|         \--- org.aspectj:aspectjweaver:1.8.9
+--- org.springframework.boot:spring-boot-starter-jersey:1.4.0.RELEASE
|    +--- org.springframework.boot:spring-boot-starter:1.4.0.RELEASE (*)
|    +--- org.springframework.boot:spring-boot-starter-validation:1.4.0.RELEASE
|    |    +--- org.springframework.boot:spring-boot-starter:1.4.0.RELEASE (*)
|    |    +--- org.apache.tomcat.embed:tomcat-embed-el:8.5.4
|    |    \--- org.hibernate:hibernate-validator:5.2.4.Final (*)
|    +--- com.fasterxml.jackson.core:jackson-databind:2.8.1 -> 2.8.2 (*)
|    +--- org.springframework:spring-web:4.3.2.RELEASE (*)
|    +--- org.glassfish.jersey.core:jersey-server:2.23.1 -> 2.23.2
|    |    +--- org.glassfish.jersey.core:jersey-common:2.23.2
|    |    |    +--- javax.ws.rs:javax.ws.rs-api:2.0.1
|    |    |    +--- javax.annotation:javax.annotation-api:1.2
|    |    |    +--- org.glassfish.jersey.bundles.repackaged:jersey-guava:2.23.2
|    |    |    +--- org.glassfish.hk2:hk2-api:2.5.0-b05
|    |    |    |    +--- javax.inject:javax.inject:1
|    |    |    |    +--- org.glassfish.hk2:hk2-utils:2.5.0-b05
|    |    |    |    |    \--- javax.inject:javax.inject:1
|    |    |    |    \--- org.glassfish.hk2.external:aopalliance-repackaged:2.5.0-b05
|    |    |    +--- org.glassfish.hk2.external:javax.inject:2.5.0-b05
|    |    |    +--- org.glassfish.hk2:hk2-locator:2.5.0-b05
|    |    |    |    +--- org.glassfish.hk2.external:javax.inject:2.5.0-b05
|    |    |    |    +--- org.glassfish.hk2.external:aopalliance-repackaged:2.5.0-b05
|    |    |    |    +--- org.glassfish.hk2:hk2-api:2.5.0-b05 (*)
|    |    |    |    +--- org.glassfish.hk2:hk2-utils:2.5.0-b05 (*)
|    |    |    |    \--- org.javassist:javassist:3.20.0-GA
|    |    |    \--- org.glassfish.hk2:osgi-resource-locator:1.0.1
|    |    +--- org.glassfish.jersey.core:jersey-client:2.23.2
|    |    |    +--- javax.ws.rs:javax.ws.rs-api:2.0.1
|    |    |    +--- org.glassfish.jersey.core:jersey-common:2.23.2 (*)
|    |    |    +--- org.glassfish.hk2:hk2-api:2.5.0-b05 (*)
|    |    |    +--- org.glassfish.hk2.external:javax.inject:2.5.0-b05
|    |    |    \--- org.glassfish.hk2:hk2-locator:2.5.0-b05 (*)
|    |    +--- javax.ws.rs:javax.ws.rs-api:2.0.1
|    |    +--- org.glassfish.jersey.media:jersey-media-jaxb:2.23.2
|    |    |    +--- org.glassfish.jersey.core:jersey-common:2.23.2 (*)
|    |    |    +--- org.glassfish.hk2:hk2-api:2.5.0-b05 (*)
|    |    |    +--- org.glassfish.hk2.external:javax.inject:2.5.0-b05
|    |    |    +--- org.glassfish.hk2:hk2-locator:2.5.0-b05 (*)
|    |    |    \--- org.glassfish.hk2:osgi-resource-locator:1.0.1
|    |    +--- javax.annotation:javax.annotation-api:1.2
|    |    +--- org.glassfish.hk2:hk2-api:2.5.0-b05 (*)
|    |    +--- org.glassfish.hk2.external:javax.inject:2.5.0-b05
|    |    +--- org.glassfish.hk2:hk2-locator:2.5.0-b05 (*)
|    |    \--- javax.validation:validation-api:1.1.0.Final
|    +--- org.glassfish.jersey.containers:jersey-container-servlet-core:2.23.1 -> 2.23.2
|    |    +--- org.glassfish.hk2.external:javax.inject:2.5.0-b05
|    |    +--- org.glassfish.jersey.core:jersey-common:2.23.2 (*)
|    |    +--- org.glassfish.jersey.core:jersey-server:2.23.2 (*)
|    |    \--- javax.ws.rs:javax.ws.rs-api:2.0.1
|    +--- org.glassfish.jersey.containers:jersey-container-servlet:2.23.1
|    |    +--- org.glassfish.jersey.containers:jersey-container-servlet-core:2.23.1 -> 2.23.2 (*)
|    |    +--- org.glassfish.jersey.core:jersey-common:2.23.1 -> 2.23.2 (*)
|    |    +--- org.glassfish.jersey.core:jersey-server:2.23.1 -> 2.23.2 (*)
|    |    \--- javax.ws.rs:javax.ws.rs-api:2.0.1
|    +--- org.glassfish.jersey.ext:jersey-bean-validation:2.23.1
|    |    +--- org.glassfish.hk2.external:javax.inject:2.4.0-b34 -> 2.5.0-b05
|    |    +--- org.glassfish.jersey.core:jersey-common:2.23.1 -> 2.23.2 (*)
|    |    +--- org.glassfish.jersey.core:jersey-server:2.23.1 -> 2.23.2 (*)
|    |    +--- javax.validation:validation-api:1.1.0.Final
|    |    +--- org.hibernate:hibernate-validator:5.1.3.Final -> 5.2.4.Final (*)
|    |    \--- javax.ws.rs:javax.ws.rs-api:2.0.1
|    +--- org.glassfish.jersey.ext:jersey-spring3:2.23.1 -> 2.23.2
|    |    +--- org.glassfish.jersey.core:jersey-server:2.23.2 (*)
|    |    +--- org.glassfish.jersey.containers:jersey-container-servlet-core:2.23.2 (*)
|    |    +--- org.glassfish.hk2:hk2:2.5.0-b05
|    |    |    +--- org.glassfish.hk2:hk2-utils:2.5.0-b05 (*)
|    |    |    +--- org.glassfish.hk2:hk2-api:2.5.0-b05 (*)
|    |    |    +--- org.glassfish.hk2:config-types:2.5.0-b05
|    |    |    |    \--- org.glassfish.hk2:hk2-config:2.5.0-b05
|    |    |    |         +--- org.glassfish.hk2:hk2-core:2.5.0-b05
|    |    |    |         |    +--- org.glassfish.hk2:hk2-locator:2.5.0-b05 (*)
|    |    |    |         |    \--- org.glassfish.hk2:hk2-utils:2.5.0-b05 (*)
|    |    |    |         +--- org.jvnet:tiger-types:1.4
|    |    |    |         \--- org.glassfish.hk2.external:bean-validator:2.5.0-b05
|    |    |    +--- org.glassfish.hk2:hk2-core:2.5.0-b05 (*)
|    |    |    +--- org.glassfish.hk2:hk2-config:2.5.0-b05 (*)
|    |    |    +--- org.glassfish.hk2:hk2-locator:2.5.0-b05 (*)
|    |    |    +--- org.glassfish.hk2:hk2-runlevel:2.5.0-b05
|    |    |    |    +--- org.glassfish.hk2:hk2-api:2.5.0-b05 (*)
|    |    |    |    \--- org.glassfish.hk2:hk2-locator:2.5.0-b05 (*)
|    |    |    \--- org.glassfish.hk2:class-model:2.5.0-b05
|    |    |         \--- org.glassfish.hk2.external:asm-all-repackaged:2.5.0-b05
|    |    +--- org.glassfish.hk2:spring-bridge:2.5.0-b05
|    |    |    \--- org.springframework:spring-context:3.2.3.RELEASE -> 4.3.2.RELEASE (*)
|    |    +--- org.springframework:spring-beans:3.2.3.RELEASE -> 4.3.2.RELEASE (*)
|    |    +--- org.springframework:spring-core:3.2.3.RELEASE -> 4.3.2.RELEASE
|    |    +--- org.springframework:spring-web:3.2.3.RELEASE -> 4.3.2.RELEASE (*)
|    |    \--- javax.ws.rs:javax.ws.rs-api:2.0.1
|    \--- org.glassfish.jersey.media:jersey-media-json-jackson:2.23.1
|         +--- org.glassfish.jersey.core:jersey-common:2.23.1 -> 2.23.2 (*)
|         +--- org.glassfish.jersey.ext:jersey-entity-filtering:2.23.1
|         |    \--- javax.ws.rs:javax.ws.rs-api:2.0.1
|         +--- com.fasterxml.jackson.jaxrs:jackson-jaxrs-base:2.5.4 -> 2.8.2
|         |    +--- com.fasterxml.jackson.core:jackson-core:2.8.2
|         |    \--- com.fasterxml.jackson.core:jackson-databind:2.8.2 (*)
|         +--- com.fasterxml.jackson.jaxrs:jackson-jaxrs-json-provider:2.5.4 -> 2.8.2
|         |    +--- com.fasterxml.jackson.jaxrs:jackson-jaxrs-base:2.8.2 (*)
|         |    +--- com.fasterxml.jackson.core:jackson-core:2.8.2
|         |    +--- com.fasterxml.jackson.core:jackson-databind:2.8.2 (*)
|         |    \--- com.fasterxml.jackson.module:jackson-module-jaxb-annotations:2.8.2
|         |         +--- com.fasterxml.jackson.core:jackson-core:2.8.2
|         |         +--- com.fasterxml.jackson.core:jackson-annotations:2.8.0
|         |         \--- com.fasterxml.jackson.core:jackson-databind:2.8.2 (*)
|         \--- com.fasterxml.jackson.core:jackson-annotations:2.5.4 -> 2.8.0
+--- org.hibernate:hibernate-core:5.2.2.Final (*)
+--- org.hibernate:hibernate-entitymanager:5.2.2.Final (*)
+--- org.springframework:spring-orm:4.3.2.RELEASE (*)
+--- org.springframework.boot:spring-boot-starter-jetty:1.4.0.RELEASE
|    +--- org.eclipse.jetty:jetty-servlets:9.3.11.v20160721
|    |    +--- org.eclipse.jetty:jetty-continuation:9.3.11.v20160721
|    |    +--- org.eclipse.jetty:jetty-http:9.3.11.v20160721
|    |    |    \--- org.eclipse.jetty:jetty-util:9.3.11.v20160721
|    |    +--- org.eclipse.jetty:jetty-util:9.3.11.v20160721
|    |    \--- org.eclipse.jetty:jetty-io:9.3.11.v20160721
|    |         \--- org.eclipse.jetty:jetty-util:9.3.11.v20160721
|    +--- org.eclipse.jetty:jetty-webapp:9.3.11.v20160721
|    |    +--- org.eclipse.jetty:jetty-xml:9.3.11.v20160721
|    |    |    \--- org.eclipse.jetty:jetty-util:9.3.11.v20160721
|    |    \--- org.eclipse.jetty:jetty-servlet:9.3.11.v20160721
|    |         \--- org.eclipse.jetty:jetty-security:9.3.11.v20160721
|    |              \--- org.eclipse.jetty:jetty-server:9.3.11.v20160721
|    |                   +--- javax.servlet:javax.servlet-api:3.1.0
|    |                   +--- org.eclipse.jetty:jetty-http:9.3.11.v20160721 (*)
|    |                   \--- org.eclipse.jetty:jetty-io:9.3.11.v20160721 (*)
|    +--- org.eclipse.jetty.websocket:websocket-server:9.3.11.v20160721
|    |    +--- org.eclipse.jetty.websocket:websocket-common:9.3.11.v20160721
|    |    |    +--- org.eclipse.jetty.websocket:websocket-api:9.3.11.v20160721
|    |    |    +--- org.eclipse.jetty:jetty-util:9.3.11.v20160721
|    |    |    \--- org.eclipse.jetty:jetty-io:9.3.11.v20160721 (*)
|    |    +--- org.eclipse.jetty.websocket:websocket-client:9.3.11.v20160721
|    |    |    +--- org.eclipse.jetty:jetty-util:9.3.11.v20160721
|    |    |    +--- org.eclipse.jetty:jetty-io:9.3.11.v20160721 (*)
|    |    |    \--- org.eclipse.jetty.websocket:websocket-common:9.3.11.v20160721 (*)
|    |    +--- org.eclipse.jetty.websocket:websocket-servlet:9.3.11.v20160721
|    |    |    +--- org.eclipse.jetty.websocket:websocket-api:9.3.11.v20160721
|    |    |    \--- javax.servlet:javax.servlet-api:3.1.0
|    |    +--- org.eclipse.jetty:jetty-servlet:9.3.11.v20160721 (*)
|    |    \--- org.eclipse.jetty:jetty-http:9.3.11.v20160721 (*)
|    \--- org.eclipse.jetty.websocket:javax-websocket-server-impl:9.3.11.v20160721
|         +--- org.eclipse.jetty:jetty-annotations:9.3.11.v20160721
|         |    +--- org.eclipse.jetty:jetty-plus:9.3.11.v20160721
|         |    |    \--- org.eclipse.jetty:jetty-webapp:9.3.11.v20160721 (*)
|         |    +--- org.eclipse.jetty:jetty-webapp:9.3.11.v20160721 (*)
|         |    +--- javax.annotation:javax.annotation-api:1.2
|         |    +--- org.ow2.asm:asm:5.0.1
|         |    \--- org.ow2.asm:asm-commons:5.0.1
|         |         \--- org.ow2.asm:asm-tree:5.0.1
|         |              \--- org.ow2.asm:asm:5.0.1
|         +--- org.eclipse.jetty.websocket:javax-websocket-client-impl:9.3.11.v20160721
|         |    +--- org.eclipse.jetty.websocket:websocket-client:9.3.11.v20160721 (*)
|         |    \--- javax.websocket:javax.websocket-api:1.0
|         +--- org.eclipse.jetty.websocket:websocket-server:9.3.11.v20160721 (*)
|         \--- javax.websocket:javax.websocket-api:1.0
+--- joda-time:joda-time:2.9.4
+--- org.jadira.usertype:usertype.core:6.0.1.GA
|    +--- org.hibernate:hibernate-entitymanager:5.2.1.Final -> 5.2.2.Final (*)
|    +--- org.slf4j:slf4j-api:1.7.12 -> 1.7.21
|    \--- org.jadira.usertype:usertype.spi:6.0.1.GA
|         \--- org.slf4j:slf4j-api:1.7.12 -> 1.7.21
+--- org.glassfish.jersey.ext:jersey-spring3:2.23.2 (*)
+--- org.apache.commons:commons-lang3:3.4
+--- com.google.guava:guava:19.0
+--- javax.ws.rs:javax.ws.rs-api:2.0.1
+--- javax.validation:validation-api:1.1.0.Final
+--- com.fasterxml.jackson.core:jackson-core:2.8.2
+--- com.fasterxml.jackson.core:jackson-databind:2.8.2 (*)
+--- com.fasterxml.jackson.jaxrs:jackson-jaxrs-json-provider:2.8.2 (*)
+--- javax.servlet:javax.servlet-api:3.1.0
+--- mysql:mysql-connector-java:5.1.26
+--- org.jboss.logging:jboss-logging:3.2.0.Final -> 3.3.0.Final
\--- project :commons
     +--- javax.ws.rs:javax.ws.rs-api:2.0.1
     \--- javax.validation:validation-api:1.1.0.Final

testCompile - Compile classpath for source set 'test'.
+--- org.springframework.boot:spring-boot: -> 1.4.0.RELEASE
|    +--- org.springframework:spring-core:4.3.2.RELEASE
|    \--- org.springframework:spring-context:4.3.2.RELEASE
|         +--- org.springframework:spring-aop:4.3.2.RELEASE
|         |    +--- org.springframework:spring-beans:4.3.2.RELEASE
|         |    |    \--- org.springframework:spring-core:4.3.2.RELEASE
|         |    \--- org.springframework:spring-core:4.3.2.RELEASE
|         +--- org.springframework:spring-beans:4.3.2.RELEASE (*)
|         +--- org.springframework:spring-core:4.3.2.RELEASE
|         \--- org.springframework:spring-expression:4.3.2.RELEASE
|              \--- org.springframework:spring-core:4.3.2.RELEASE
+--- org.springframework.boot:spring-boot-starter-web:1.4.0.RELEASE
|    +--- org.springframework.boot:spring-boot-starter:1.4.0.RELEASE
|    |    +--- org.springframework.boot:spring-boot:1.4.0.RELEASE (*)
|    |    +--- org.springframework.boot:spring-boot-autoconfigure:1.4.0.RELEASE
|    |    |    \--- org.springframework.boot:spring-boot:1.4.0.RELEASE (*)
|    |    +--- org.springframework.boot:spring-boot-starter-logging:1.4.0.RELEASE
|    |    |    +--- ch.qos.logback:logback-classic:1.1.7
|    |    |    |    +--- ch.qos.logback:logback-core:1.1.7
|    |    |    |    \--- org.slf4j:slf4j-api:1.7.20 -> 1.7.21
|    |    |    +--- org.slf4j:jcl-over-slf4j:1.7.21
|    |    |    |    \--- org.slf4j:slf4j-api:1.7.21
|    |    |    +--- org.slf4j:jul-to-slf4j:1.7.21
|    |    |    |    \--- org.slf4j:slf4j-api:1.7.21
|    |    |    \--- org.slf4j:log4j-over-slf4j:1.7.21
|    |    |         \--- org.slf4j:slf4j-api:1.7.21
|    |    +--- org.springframework:spring-core:4.3.2.RELEASE
|    |    \--- org.yaml:snakeyaml:1.17
|    +--- org.hibernate:hibernate-validator:5.2.4.Final
|    |    +--- javax.validation:validation-api:1.1.0.Final
|    |    +--- org.jboss.logging:jboss-logging:3.2.1.Final -> 3.3.0.Final
|    |    \--- com.fasterxml:classmate:1.1.0 -> 1.3.0
|    +--- com.fasterxml.jackson.core:jackson-databind:2.8.1 -> 2.8.2
|    |    +--- com.fasterxml.jackson.core:jackson-annotations:2.8.0
|    |    \--- com.fasterxml.jackson.core:jackson-core:2.8.2
|    +--- org.springframework:spring-web:4.3.2.RELEASE
|    |    +--- org.springframework:spring-aop:4.3.2.RELEASE (*)
|    |    +--- org.springframework:spring-beans:4.3.2.RELEASE (*)
|    |    +--- org.springframework:spring-context:4.3.2.RELEASE (*)
|    |    \--- org.springframework:spring-core:4.3.2.RELEASE
|    \--- org.springframework:spring-webmvc:4.3.2.RELEASE
|         +--- org.springframework:spring-aop:4.3.2.RELEASE (*)
|         +--- org.springframework:spring-beans:4.3.2.RELEASE (*)
|         +--- org.springframework:spring-context:4.3.2.RELEASE (*)
|         +--- org.springframework:spring-core:4.3.2.RELEASE
|         +--- org.springframework:spring-expression:4.3.2.RELEASE (*)
|         \--- org.springframework:spring-web:4.3.2.RELEASE (*)
+--- org.springframework.boot:spring-boot-starter-data-jpa:1.4.0.RELEASE
|    +--- org.springframework.boot:spring-boot-starter:1.4.0.RELEASE (*)
|    +--- org.springframework.boot:spring-boot-starter-aop:1.4.0.RELEASE
|    |    +--- org.springframework.boot:spring-boot-starter:1.4.0.RELEASE (*)
|    |    +--- org.springframework:spring-aop:4.3.2.RELEASE (*)
|    |    \--- org.aspectj:aspectjweaver:1.8.9
|    +--- org.springframework.boot:spring-boot-starter-jdbc:1.4.0.RELEASE
|    |    +--- org.springframework.boot:spring-boot-starter:1.4.0.RELEASE (*)
|    |    +--- org.apache.tomcat:tomcat-jdbc:8.5.4
|    |    |    \--- org.apache.tomcat:tomcat-juli:8.5.4
|    |    \--- org.springframework:spring-jdbc:4.3.2.RELEASE
|    |         +--- org.springframework:spring-beans:4.3.2.RELEASE (*)
|    |         +--- org.springframework:spring-core:4.3.2.RELEASE
|    |         \--- org.springframework:spring-tx:4.3.2.RELEASE
|    |              +--- org.springframework:spring-beans:4.3.2.RELEASE (*)
|    |              \--- org.springframework:spring-core:4.3.2.RELEASE
|    +--- org.hibernate:hibernate-core:5.0.9.Final -> 5.2.2.Final
|    |    +--- org.jboss.logging:jboss-logging:3.3.0.Final
|    |    +--- org.hibernate.javax.persistence:hibernate-jpa-2.1-api:1.0.0.Final
|    |    +--- org.javassist:javassist:3.20.0-GA
|    |    +--- antlr:antlr:2.7.7
|    |    +--- org.apache.geronimo.specs:geronimo-jta_1.1_spec:1.1.1
|    |    +--- org.jboss:jandex:2.0.0.Final
|    |    +--- com.fasterxml:classmate:1.3.0
|    |    +--- dom4j:dom4j:1.6.1
|    |    +--- org.hibernate.common:hibernate-commons-annotations:5.0.1.Final
|    |    |    \--- org.jboss.logging:jboss-logging:3.3.0.Final
|    |    \--- javax.enterprise:cdi-api:1.1
|    |         +--- javax.el:el-api:2.2
|    |         +--- org.jboss.spec.javax.interceptor:jboss-interceptors-api_1.1_spec:1.0.0.Beta1
|    |         +--- javax.annotation:jsr250-api:1.0
|    |         \--- javax.inject:javax.inject:1
|    +--- org.hibernate:hibernate-entitymanager:5.0.9.Final -> 5.2.2.Final
|    |    +--- org.jboss.logging:jboss-logging:3.3.0.Final
|    |    +--- org.hibernate:hibernate-core:5.2.2.Final (*)
|    |    +--- dom4j:dom4j:1.6.1
|    |    +--- org.hibernate.common:hibernate-commons-annotations:5.0.1.Final (*)
|    |    +--- org.hibernate.javax.persistence:hibernate-jpa-2.1-api:1.0.0.Final
|    |    +--- org.javassist:javassist:3.20.0-GA
|    |    \--- org.apache.geronimo.specs:geronimo-jta_1.1_spec:1.1.1
|    +--- javax.transaction:javax.transaction-api:1.2
|    +--- org.springframework.data:spring-data-jpa:1.10.2.RELEASE
|    |    +--- org.springframework.data:spring-data-commons:1.12.2.RELEASE
|    |    |    +--- org.springframework:spring-core:4.2.6.RELEASE -> 4.3.2.RELEASE
|    |    |    +--- org.springframework:spring-beans:4.2.6.RELEASE -> 4.3.2.RELEASE (*)
|    |    |    +--- org.slf4j:slf4j-api:1.7.21
|    |    |    \--- org.slf4j:jcl-over-slf4j:1.7.21 (*)
|    |    +--- org.springframework:spring-orm:4.2.6.RELEASE -> 4.3.2.RELEASE
|    |    |    +--- org.springframework:spring-beans:4.3.2.RELEASE (*)
|    |    |    +--- org.springframework:spring-core:4.3.2.RELEASE
|    |    |    +--- org.springframework:spring-jdbc:4.3.2.RELEASE (*)
|    |    |    \--- org.springframework:spring-tx:4.3.2.RELEASE (*)
|    |    +--- org.springframework:spring-context:4.2.6.RELEASE -> 4.3.2.RELEASE (*)
|    |    +--- org.springframework:spring-aop:4.2.6.RELEASE -> 4.3.2.RELEASE (*)
|    |    +--- org.springframework:spring-tx:4.2.6.RELEASE -> 4.3.2.RELEASE (*)
|    |    +--- org.springframework:spring-beans:4.2.6.RELEASE -> 4.3.2.RELEASE (*)
|    |    +--- org.springframework:spring-core:4.2.6.RELEASE -> 4.3.2.RELEASE
|    |    +--- org.slf4j:slf4j-api:1.7.21
|    |    \--- org.slf4j:jcl-over-slf4j:1.7.21 (*)
|    \--- org.springframework:spring-aspects:4.3.2.RELEASE
|         \--- org.aspectj:aspectjweaver:1.8.9
+--- org.springframework.boot:spring-boot-starter-jersey:1.4.0.RELEASE
|    +--- org.springframework.boot:spring-boot-starter:1.4.0.RELEASE (*)
|    +--- org.springframework.boot:spring-boot-starter-validation:1.4.0.RELEASE
|    |    +--- org.springframework.boot:spring-boot-starter:1.4.0.RELEASE (*)
|    |    +--- org.apache.tomcat.embed:tomcat-embed-el:8.5.4
|    |    \--- org.hibernate:hibernate-validator:5.2.4.Final (*)
|    +--- com.fasterxml.jackson.core:jackson-databind:2.8.1 -> 2.8.2 (*)
|    +--- org.springframework:spring-web:4.3.2.RELEASE (*)
|    +--- org.glassfish.jersey.core:jersey-server:2.23.1 -> 2.23.2
|    |    +--- org.glassfish.jersey.core:jersey-common:2.23.2
|    |    |    +--- javax.ws.rs:javax.ws.rs-api:2.0.1
|    |    |    +--- javax.annotation:javax.annotation-api:1.2
|    |    |    +--- org.glassfish.jersey.bundles.repackaged:jersey-guava:2.23.2
|    |    |    +--- org.glassfish.hk2:hk2-api:2.5.0-b05
|    |    |    |    +--- javax.inject:javax.inject:1
|    |    |    |    +--- org.glassfish.hk2:hk2-utils:2.5.0-b05
|    |    |    |    |    \--- javax.inject:javax.inject:1
|    |    |    |    \--- org.glassfish.hk2.external:aopalliance-repackaged:2.5.0-b05
|    |    |    +--- org.glassfish.hk2.external:javax.inject:2.5.0-b05
|    |    |    +--- org.glassfish.hk2:hk2-locator:2.5.0-b05
|    |    |    |    +--- org.glassfish.hk2.external:javax.inject:2.5.0-b05
|    |    |    |    +--- org.glassfish.hk2.external:aopalliance-repackaged:2.5.0-b05
|    |    |    |    +--- org.glassfish.hk2:hk2-api:2.5.0-b05 (*)
|    |    |    |    +--- org.glassfish.hk2:hk2-utils:2.5.0-b05 (*)
|    |    |    |    \--- org.javassist:javassist:3.20.0-GA
|    |    |    \--- org.glassfish.hk2:osgi-resource-locator:1.0.1
|    |    +--- org.glassfish.jersey.core:jersey-client:2.23.2
|    |    |    +--- javax.ws.rs:javax.ws.rs-api:2.0.1
|    |    |    +--- org.glassfish.jersey.core:jersey-common:2.23.2 (*)
|    |    |    +--- org.glassfish.hk2:hk2-api:2.5.0-b05 (*)
|    |    |    +--- org.glassfish.hk2.external:javax.inject:2.5.0-b05
|    |    |    \--- org.glassfish.hk2:hk2-locator:2.5.0-b05 (*)
|    |    +--- javax.ws.rs:javax.ws.rs-api:2.0.1
|    |    +--- org.glassfish.jersey.media:jersey-media-jaxb:2.23.2
|    |    |    +--- org.glassfish.jersey.core:jersey-common:2.23.2 (*)
|    |    |    +--- org.glassfish.hk2:hk2-api:2.5.0-b05 (*)
|    |    |    +--- org.glassfish.hk2.external:javax.inject:2.5.0-b05
|    |    |    +--- org.glassfish.hk2:hk2-locator:2.5.0-b05 (*)
|    |    |    \--- org.glassfish.hk2:osgi-resource-locator:1.0.1
|    |    +--- javax.annotation:javax.annotation-api:1.2
|    |    +--- org.glassfish.hk2:hk2-api:2.5.0-b05 (*)
|    |    +--- org.glassfish.hk2.external:javax.inject:2.5.0-b05
|    |    +--- org.glassfish.hk2:hk2-locator:2.5.0-b05 (*)
|    |    \--- javax.validation:validation-api:1.1.0.Final
|    +--- org.glassfish.jersey.containers:jersey-container-servlet-core:2.23.1 -> 2.23.2
|    |    +--- org.glassfish.hk2.external:javax.inject:2.5.0-b05
|    |    +--- org.glassfish.jersey.core:jersey-common:2.23.2 (*)
|    |    +--- org.glassfish.jersey.core:jersey-server:2.23.2 (*)
|    |    \--- javax.ws.rs:javax.ws.rs-api:2.0.1
|    +--- org.glassfish.jersey.containers:jersey-container-servlet:2.23.1
|    |    +--- org.glassfish.jersey.containers:jersey-container-servlet-core:2.23.1 -> 2.23.2 (*)
|    |    +--- org.glassfish.jersey.core:jersey-common:2.23.1 -> 2.23.2 (*)
|    |    +--- org.glassfish.jersey.core:jersey-server:2.23.1 -> 2.23.2 (*)
|    |    \--- javax.ws.rs:javax.ws.rs-api:2.0.1
|    +--- org.glassfish.jersey.ext:jersey-bean-validation:2.23.1
|    |    +--- org.glassfish.hk2.external:javax.inject:2.4.0-b34 -> 2.5.0-b05
|    |    +--- org.glassfish.jersey.core:jersey-common:2.23.1 -> 2.23.2 (*)
|    |    +--- org.glassfish.jersey.core:jersey-server:2.23.1 -> 2.23.2 (*)
|    |    +--- javax.validation:validation-api:1.1.0.Final
|    |    +--- org.hibernate:hibernate-validator:5.1.3.Final -> 5.2.4.Final (*)
|    |    \--- javax.ws.rs:javax.ws.rs-api:2.0.1
|    +--- org.glassfish.jersey.ext:jersey-spring3:2.23.1 -> 2.23.2
|    |    +--- org.glassfish.jersey.core:jersey-server:2.23.2 (*)
|    |    +--- org.glassfish.jersey.containers:jersey-container-servlet-core:2.23.2 (*)
|    |    +--- org.glassfish.hk2:hk2:2.5.0-b05
|    |    |    +--- org.glassfish.hk2:hk2-utils:2.5.0-b05 (*)
|    |    |    +--- org.glassfish.hk2:hk2-api:2.5.0-b05 (*)
|    |    |    +--- org.glassfish.hk2:config-types:2.5.0-b05
|    |    |    |    \--- org.glassfish.hk2:hk2-config:2.5.0-b05
|    |    |    |         +--- org.glassfish.hk2:hk2-core:2.5.0-b05
|    |    |    |         |    +--- org.glassfish.hk2:hk2-locator:2.5.0-b05 (*)
|    |    |    |         |    \--- org.glassfish.hk2:hk2-utils:2.5.0-b05 (*)
|    |    |    |         +--- org.jvnet:tiger-types:1.4
|    |    |    |         \--- org.glassfish.hk2.external:bean-validator:2.5.0-b05
|    |    |    +--- org.glassfish.hk2:hk2-core:2.5.0-b05 (*)
|    |    |    +--- org.glassfish.hk2:hk2-config:2.5.0-b05 (*)
|    |    |    +--- org.glassfish.hk2:hk2-locator:2.5.0-b05 (*)
|    |    |    +--- org.glassfish.hk2:hk2-runlevel:2.5.0-b05
|    |    |    |    +--- org.glassfish.hk2:hk2-api:2.5.0-b05 (*)
|    |    |    |    \--- org.glassfish.hk2:hk2-locator:2.5.0-b05 (*)
|    |    |    \--- org.glassfish.hk2:class-model:2.5.0-b05
|    |    |         \--- org.glassfish.hk2.external:asm-all-repackaged:2.5.0-b05
|    |    +--- org.glassfish.hk2:spring-bridge:2.5.0-b05
|    |    |    \--- org.springframework:spring-context:3.2.3.RELEASE -> 4.3.2.RELEASE (*)
|    |    +--- org.springframework:spring-beans:3.2.3.RELEASE -> 4.3.2.RELEASE (*)
|    |    +--- org.springframework:spring-core:3.2.3.RELEASE -> 4.3.2.RELEASE
|    |    +--- org.springframework:spring-web:3.2.3.RELEASE -> 4.3.2.RELEASE (*)
|    |    \--- javax.ws.rs:javax.ws.rs-api:2.0.1
|    \--- org.glassfish.jersey.media:jersey-media-json-jackson:2.23.1
|         +--- org.glassfish.jersey.core:jersey-common:2.23.1 -> 2.23.2 (*)
|         +--- org.glassfish.jersey.ext:jersey-entity-filtering:2.23.1
|         |    \--- javax.ws.rs:javax.ws.rs-api:2.0.1
|         +--- com.fasterxml.jackson.jaxrs:jackson-jaxrs-base:2.5.4 -> 2.8.2
|         |    +--- com.fasterxml.jackson.core:jackson-core:2.8.2
|         |    \--- com.fasterxml.jackson.core:jackson-databind:2.8.2 (*)
|         +--- com.fasterxml.jackson.jaxrs:jackson-jaxrs-json-provider:2.5.4 -> 2.8.2
|         |    +--- com.fasterxml.jackson.jaxrs:jackson-jaxrs-base:2.8.2 (*)
|         |    +--- com.fasterxml.jackson.core:jackson-core:2.8.2
|         |    +--- com.fasterxml.jackson.core:jackson-databind:2.8.2 (*)
|         |    \--- com.fasterxml.jackson.module:jackson-module-jaxb-annotations:2.8.2
|         |         +--- com.fasterxml.jackson.core:jackson-core:2.8.2
|         |         +--- com.fasterxml.jackson.core:jackson-annotations:2.8.0
|         |         \--- com.fasterxml.jackson.core:jackson-databind:2.8.2 (*)
|         \--- com.fasterxml.jackson.core:jackson-annotations:2.5.4 -> 2.8.0
+--- org.hibernate:hibernate-core:5.2.2.Final (*)
+--- org.hibernate:hibernate-entitymanager:5.2.2.Final (*)
+--- org.springframework:spring-orm:4.3.2.RELEASE (*)
+--- org.springframework.boot:spring-boot-starter-jetty:1.4.0.RELEASE
|    +--- org.eclipse.jetty:jetty-servlets:9.3.11.v20160721
|    |    +--- org.eclipse.jetty:jetty-continuation:9.3.11.v20160721
|    |    +--- org.eclipse.jetty:jetty-http:9.3.11.v20160721
|    |    |    \--- org.eclipse.jetty:jetty-util:9.3.11.v20160721
|    |    +--- org.eclipse.jetty:jetty-util:9.3.11.v20160721
|    |    \--- org.eclipse.jetty:jetty-io:9.3.11.v20160721
|    |         \--- org.eclipse.jetty:jetty-util:9.3.11.v20160721
|    +--- org.eclipse.jetty:jetty-webapp:9.3.11.v20160721
|    |    +--- org.eclipse.jetty:jetty-xml:9.3.11.v20160721
|    |    |    \--- org.eclipse.jetty:jetty-util:9.3.11.v20160721
|    |    \--- org.eclipse.jetty:jetty-servlet:9.3.11.v20160721
|    |         \--- org.eclipse.jetty:jetty-security:9.3.11.v20160721
|    |              \--- org.eclipse.jetty:jetty-server:9.3.11.v20160721
|    |                   +--- javax.servlet:javax.servlet-api:3.1.0
|    |                   +--- org.eclipse.jetty:jetty-http:9.3.11.v20160721 (*)
|    |                   \--- org.eclipse.jetty:jetty-io:9.3.11.v20160721 (*)
|    +--- org.eclipse.jetty.websocket:websocket-server:9.3.11.v20160721
|    |    +--- org.eclipse.jetty.websocket:websocket-common:9.3.11.v20160721
|    |    |    +--- org.eclipse.jetty.websocket:websocket-api:9.3.11.v20160721
|    |    |    +--- org.eclipse.jetty:jetty-util:9.3.11.v20160721
|    |    |    \--- org.eclipse.jetty:jetty-io:9.3.11.v20160721 (*)
|    |    +--- org.eclipse.jetty.websocket:websocket-client:9.3.11.v20160721
|    |    |    +--- org.eclipse.jetty:jetty-util:9.3.11.v20160721
|    |    |    +--- org.eclipse.jetty:jetty-io:9.3.11.v20160721 (*)
|    |    |    \--- org.eclipse.jetty.websocket:websocket-common:9.3.11.v20160721 (*)
|    |    +--- org.eclipse.jetty.websocket:websocket-servlet:9.3.11.v20160721
|    |    |    +--- org.eclipse.jetty.websocket:websocket-api:9.3.11.v20160721
|    |    |    \--- javax.servlet:javax.servlet-api:3.1.0
|    |    +--- org.eclipse.jetty:jetty-servlet:9.3.11.v20160721 (*)
|    |    \--- org.eclipse.jetty:jetty-http:9.3.11.v20160721 (*)
|    \--- org.eclipse.jetty.websocket:javax-websocket-server-impl:9.3.11.v20160721
|         +--- org.eclipse.jetty:jetty-annotations:9.3.11.v20160721
|         |    +--- org.eclipse.jetty:jetty-plus:9.3.11.v20160721
|         |    |    \--- org.eclipse.jetty:jetty-webapp:9.3.11.v20160721 (*)
|         |    +--- org.eclipse.jetty:jetty-webapp:9.3.11.v20160721 (*)
|         |    +--- javax.annotation:javax.annotation-api:1.2
|         |    +--- org.ow2.asm:asm:5.0.1
|         |    \--- org.ow2.asm:asm-commons:5.0.1
|         |         \--- org.ow2.asm:asm-tree:5.0.1
|         |              \--- org.ow2.asm:asm:5.0.1
|         +--- org.eclipse.jetty.websocket:javax-websocket-client-impl:9.3.11.v20160721
|         |    +--- org.eclipse.jetty.websocket:websocket-client:9.3.11.v20160721 (*)
|         |    \--- javax.websocket:javax.websocket-api:1.0
|         +--- org.eclipse.jetty.websocket:websocket-server:9.3.11.v20160721 (*)
|         \--- javax.websocket:javax.websocket-api:1.0
+--- joda-time:joda-time:2.9.4
+--- org.jadira.usertype:usertype.core:6.0.1.GA
|    +--- org.hibernate:hibernate-entitymanager:5.2.1.Final -> 5.2.2.Final (*)
|    +--- org.slf4j:slf4j-api:1.7.12 -> 1.7.21
|    \--- org.jadira.usertype:usertype.spi:6.0.1.GA
|         \--- org.slf4j:slf4j-api:1.7.12 -> 1.7.21
+--- org.glassfish.jersey.ext:jersey-spring3:2.23.2 (*)
+--- org.apache.commons:commons-lang3:3.4
+--- com.google.guava:guava:19.0
+--- javax.ws.rs:javax.ws.rs-api:2.0.1
+--- javax.validation:validation-api:1.1.0.Final
+--- com.fasterxml.jackson.core:jackson-core:2.8.2
+--- com.fasterxml.jackson.core:jackson-databind:2.8.2 (*)
+--- com.fasterxml.jackson.jaxrs:jackson-jaxrs-json-provider:2.8.2 (*)
+--- javax.servlet:javax.servlet-api:3.1.0
+--- mysql:mysql-connector-java:5.1.26
+--- org.jboss.logging:jboss-logging:3.2.0.Final -> 3.3.0.Final
+--- project :commons
|    +--- javax.ws.rs:javax.ws.rs-api:2.0.1
|    \--- javax.validation:validation-api:1.1.0.Final
+--- junit:junit:4.11
|    \--- org.hamcrest:hamcrest-core:1.3
+--- org.mockito:mockito-core:1.10.19
|    +--- org.hamcrest:hamcrest-core:1.1 -> 1.3
|    \--- org.objenesis:objenesis:2.1
\--- org.assertj:assertj-core:3.5.2

testRuntime - Runtime classpath for source set 'test'.
+--- org.springframework.boot:spring-boot: -> 1.4.0.RELEASE
|    +--- org.springframework:spring-core:4.3.2.RELEASE
|    \--- org.springframework:spring-context:4.3.2.RELEASE
|         +--- org.springframework:spring-aop:4.3.2.RELEASE
|         |    +--- org.springframework:spring-beans:4.3.2.RELEASE
|         |    |    \--- org.springframework:spring-core:4.3.2.RELEASE
|         |    \--- org.springframework:spring-core:4.3.2.RELEASE
|         +--- org.springframework:spring-beans:4.3.2.RELEASE (*)
|         +--- org.springframework:spring-core:4.3.2.RELEASE
|         \--- org.springframework:spring-expression:4.3.2.RELEASE
|              \--- org.springframework:spring-core:4.3.2.RELEASE
+--- org.springframework.boot:spring-boot-starter-web:1.4.0.RELEASE
|    +--- org.springframework.boot:spring-boot-starter:1.4.0.RELEASE
|    |    +--- org.springframework.boot:spring-boot:1.4.0.RELEASE (*)
|    |    +--- org.springframework.boot:spring-boot-autoconfigure:1.4.0.RELEASE
|    |    |    \--- org.springframework.boot:spring-boot:1.4.0.RELEASE (*)
|    |    +--- org.springframework.boot:spring-boot-starter-logging:1.4.0.RELEASE
|    |    |    +--- ch.qos.logback:logback-classic:1.1.7
|    |    |    |    +--- ch.qos.logback:logback-core:1.1.7
|    |    |    |    \--- org.slf4j:slf4j-api:1.7.20 -> 1.7.21
|    |    |    +--- org.slf4j:jcl-over-slf4j:1.7.21
|    |    |    |    \--- org.slf4j:slf4j-api:1.7.21
|    |    |    +--- org.slf4j:jul-to-slf4j:1.7.21
|    |    |    |    \--- org.slf4j:slf4j-api:1.7.21
|    |    |    \--- org.slf4j:log4j-over-slf4j:1.7.21
|    |    |         \--- org.slf4j:slf4j-api:1.7.21
|    |    +--- org.springframework:spring-core:4.3.2.RELEASE
|    |    \--- org.yaml:snakeyaml:1.17
|    +--- org.hibernate:hibernate-validator:5.2.4.Final
|    |    +--- javax.validation:validation-api:1.1.0.Final
|    |    +--- org.jboss.logging:jboss-logging:3.2.1.Final -> 3.3.0.Final
|    |    \--- com.fasterxml:classmate:1.1.0 -> 1.3.0
|    +--- com.fasterxml.jackson.core:jackson-databind:2.8.1 -> 2.8.2
|    |    +--- com.fasterxml.jackson.core:jackson-annotations:2.8.0
|    |    \--- com.fasterxml.jackson.core:jackson-core:2.8.2
|    +--- org.springframework:spring-web:4.3.2.RELEASE
|    |    +--- org.springframework:spring-aop:4.3.2.RELEASE (*)
|    |    +--- org.springframework:spring-beans:4.3.2.RELEASE (*)
|    |    +--- org.springframework:spring-context:4.3.2.RELEASE (*)
|    |    \--- org.springframework:spring-core:4.3.2.RELEASE
|    \--- org.springframework:spring-webmvc:4.3.2.RELEASE
|         +--- org.springframework:spring-aop:4.3.2.RELEASE (*)
|         +--- org.springframework:spring-beans:4.3.2.RELEASE (*)
|         +--- org.springframework:spring-context:4.3.2.RELEASE (*)
|         +--- org.springframework:spring-core:4.3.2.RELEASE
|         +--- org.springframework:spring-expression:4.3.2.RELEASE (*)
|         \--- org.springframework:spring-web:4.3.2.RELEASE (*)
+--- org.springframework.boot:spring-boot-starter-data-jpa:1.4.0.RELEASE
|    +--- org.springframework.boot:spring-boot-starter:1.4.0.RELEASE (*)
|    +--- org.springframework.boot:spring-boot-starter-aop:1.4.0.RELEASE
|    |    +--- org.springframework.boot:spring-boot-starter:1.4.0.RELEASE (*)
|    |    +--- org.springframework:spring-aop:4.3.2.RELEASE (*)
|    |    \--- org.aspectj:aspectjweaver:1.8.9
|    +--- org.springframework.boot:spring-boot-starter-jdbc:1.4.0.RELEASE
|    |    +--- org.springframework.boot:spring-boot-starter:1.4.0.RELEASE (*)
|    |    +--- org.apache.tomcat:tomcat-jdbc:8.5.4
|    |    |    \--- org.apache.tomcat:tomcat-juli:8.5.4
|    |    \--- org.springframework:spring-jdbc:4.3.2.RELEASE
|    |         +--- org.springframework:spring-beans:4.3.2.RELEASE (*)
|    |         +--- org.springframework:spring-core:4.3.2.RELEASE
|    |         \--- org.springframework:spring-tx:4.3.2.RELEASE
|    |              +--- org.springframework:spring-beans:4.3.2.RELEASE (*)
|    |              \--- org.springframework:spring-core:4.3.2.RELEASE
|    +--- org.hibernate:hibernate-core:5.0.9.Final -> 5.2.2.Final
|    |    +--- org.jboss.logging:jboss-logging:3.3.0.Final
|    |    +--- org.hibernate.javax.persistence:hibernate-jpa-2.1-api:1.0.0.Final
|    |    +--- org.javassist:javassist:3.20.0-GA
|    |    +--- antlr:antlr:2.7.7
|    |    +--- org.apache.geronimo.specs:geronimo-jta_1.1_spec:1.1.1
|    |    +--- org.jboss:jandex:2.0.0.Final
|    |    +--- com.fasterxml:classmate:1.3.0
|    |    +--- dom4j:dom4j:1.6.1
|    |    +--- org.hibernate.common:hibernate-commons-annotations:5.0.1.Final
|    |    |    \--- org.jboss.logging:jboss-logging:3.3.0.Final
|    |    \--- javax.enterprise:cdi-api:1.1
|    |         +--- javax.el:el-api:2.2
|    |         +--- org.jboss.spec.javax.interceptor:jboss-interceptors-api_1.1_spec:1.0.0.Beta1
|    |         +--- javax.annotation:jsr250-api:1.0
|    |         \--- javax.inject:javax.inject:1
|    +--- org.hibernate:hibernate-entitymanager:5.0.9.Final -> 5.2.2.Final
|    |    +--- org.jboss.logging:jboss-logging:3.3.0.Final
|    |    +--- org.hibernate:hibernate-core:5.2.2.Final (*)
|    |    +--- dom4j:dom4j:1.6.1
|    |    +--- org.hibernate.common:hibernate-commons-annotations:5.0.1.Final (*)
|    |    +--- org.hibernate.javax.persistence:hibernate-jpa-2.1-api:1.0.0.Final
|    |    +--- org.javassist:javassist:3.20.0-GA
|    |    \--- org.apache.geronimo.specs:geronimo-jta_1.1_spec:1.1.1
|    +--- javax.transaction:javax.transaction-api:1.2
|    +--- org.springframework.data:spring-data-jpa:1.10.2.RELEASE
|    |    +--- org.springframework.data:spring-data-commons:1.12.2.RELEASE
|    |    |    +--- org.springframework:spring-core:4.2.6.RELEASE -> 4.3.2.RELEASE
|    |    |    +--- org.springframework:spring-beans:4.2.6.RELEASE -> 4.3.2.RELEASE (*)
|    |    |    +--- org.slf4j:slf4j-api:1.7.21
|    |    |    \--- org.slf4j:jcl-over-slf4j:1.7.21 (*)
|    |    +--- org.springframework:spring-orm:4.2.6.RELEASE -> 4.3.2.RELEASE
|    |    |    +--- org.springframework:spring-beans:4.3.2.RELEASE (*)
|    |    |    +--- org.springframework:spring-core:4.3.2.RELEASE
|    |    |    +--- org.springframework:spring-jdbc:4.3.2.RELEASE (*)
|    |    |    \--- org.springframework:spring-tx:4.3.2.RELEASE (*)
|    |    +--- org.springframework:spring-context:4.2.6.RELEASE -> 4.3.2.RELEASE (*)
|    |    +--- org.springframework:spring-aop:4.2.6.RELEASE -> 4.3.2.RELEASE (*)
|    |    +--- org.springframework:spring-tx:4.2.6.RELEASE -> 4.3.2.RELEASE (*)
|    |    +--- org.springframework:spring-beans:4.2.6.RELEASE -> 4.3.2.RELEASE (*)
|    |    +--- org.springframework:spring-core:4.2.6.RELEASE -> 4.3.2.RELEASE
|    |    +--- org.slf4j:slf4j-api:1.7.21
|    |    \--- org.slf4j:jcl-over-slf4j:1.7.21 (*)
|    \--- org.springframework:spring-aspects:4.3.2.RELEASE
|         \--- org.aspectj:aspectjweaver:1.8.9
+--- org.springframework.boot:spring-boot-starter-jersey:1.4.0.RELEASE
|    +--- org.springframework.boot:spring-boot-starter:1.4.0.RELEASE (*)
|    +--- org.springframework.boot:spring-boot-starter-validation:1.4.0.RELEASE
|    |    +--- org.springframework.boot:spring-boot-starter:1.4.0.RELEASE (*)
|    |    +--- org.apache.tomcat.embed:tomcat-embed-el:8.5.4
|    |    \--- org.hibernate:hibernate-validator:5.2.4.Final (*)
|    +--- com.fasterxml.jackson.core:jackson-databind:2.8.1 -> 2.8.2 (*)
|    +--- org.springframework:spring-web:4.3.2.RELEASE (*)
|    +--- org.glassfish.jersey.core:jersey-server:2.23.1 -> 2.23.2
|    |    +--- org.glassfish.jersey.core:jersey-common:2.23.2
|    |    |    +--- javax.ws.rs:javax.ws.rs-api:2.0.1
|    |    |    +--- javax.annotation:javax.annotation-api:1.2
|    |    |    +--- org.glassfish.jersey.bundles.repackaged:jersey-guava:2.23.2
|    |    |    +--- org.glassfish.hk2:hk2-api:2.5.0-b05
|    |    |    |    +--- javax.inject:javax.inject:1
|    |    |    |    +--- org.glassfish.hk2:hk2-utils:2.5.0-b05
|    |    |    |    |    \--- javax.inject:javax.inject:1
|    |    |    |    \--- org.glassfish.hk2.external:aopalliance-repackaged:2.5.0-b05
|    |    |    +--- org.glassfish.hk2.external:javax.inject:2.5.0-b05
|    |    |    +--- org.glassfish.hk2:hk2-locator:2.5.0-b05
|    |    |    |    +--- org.glassfish.hk2.external:javax.inject:2.5.0-b05
|    |    |    |    +--- org.glassfish.hk2.external:aopalliance-repackaged:2.5.0-b05
|    |    |    |    +--- org.glassfish.hk2:hk2-api:2.5.0-b05 (*)
|    |    |    |    +--- org.glassfish.hk2:hk2-utils:2.5.0-b05 (*)
|    |    |    |    \--- org.javassist:javassist:3.20.0-GA
|    |    |    \--- org.glassfish.hk2:osgi-resource-locator:1.0.1
|    |    +--- org.glassfish.jersey.core:jersey-client:2.23.2
|    |    |    +--- javax.ws.rs:javax.ws.rs-api:2.0.1
|    |    |    +--- org.glassfish.jersey.core:jersey-common:2.23.2 (*)
|    |    |    +--- org.glassfish.hk2:hk2-api:2.5.0-b05 (*)
|    |    |    +--- org.glassfish.hk2.external:javax.inject:2.5.0-b05
|    |    |    \--- org.glassfish.hk2:hk2-locator:2.5.0-b05 (*)
|    |    +--- javax.ws.rs:javax.ws.rs-api:2.0.1
|    |    +--- org.glassfish.jersey.media:jersey-media-jaxb:2.23.2
|    |    |    +--- org.glassfish.jersey.core:jersey-common:2.23.2 (*)
|    |    |    +--- org.glassfish.hk2:hk2-api:2.5.0-b05 (*)
|    |    |    +--- org.glassfish.hk2.external:javax.inject:2.5.0-b05
|    |    |    +--- org.glassfish.hk2:hk2-locator:2.5.0-b05 (*)
|    |    |    \--- org.glassfish.hk2:osgi-resource-locator:1.0.1
|    |    +--- javax.annotation:javax.annotation-api:1.2
|    |    +--- org.glassfish.hk2:hk2-api:2.5.0-b05 (*)
|    |    +--- org.glassfish.hk2.external:javax.inject:2.5.0-b05
|    |    +--- org.glassfish.hk2:hk2-locator:2.5.0-b05 (*)
|    |    \--- javax.validation:validation-api:1.1.0.Final
|    +--- org.glassfish.jersey.containers:jersey-container-servlet-core:2.23.1 -> 2.23.2
|    |    +--- org.glassfish.hk2.external:javax.inject:2.5.0-b05
|    |    +--- org.glassfish.jersey.core:jersey-common:2.23.2 (*)
|    |    +--- org.glassfish.jersey.core:jersey-server:2.23.2 (*)
|    |    \--- javax.ws.rs:javax.ws.rs-api:2.0.1
|    +--- org.glassfish.jersey.containers:jersey-container-servlet:2.23.1
|    |    +--- org.glassfish.jersey.containers:jersey-container-servlet-core:2.23.1 -> 2.23.2 (*)
|    |    +--- org.glassfish.jersey.core:jersey-common:2.23.1 -> 2.23.2 (*)
|    |    +--- org.glassfish.jersey.core:jersey-server:2.23.1 -> 2.23.2 (*)
|    |    \--- javax.ws.rs:javax.ws.rs-api:2.0.1
|    +--- org.glassfish.jersey.ext:jersey-bean-validation:2.23.1
|    |    +--- org.glassfish.hk2.external:javax.inject:2.4.0-b34 -> 2.5.0-b05
|    |    +--- org.glassfish.jersey.core:jersey-common:2.23.1 -> 2.23.2 (*)
|    |    +--- org.glassfish.jersey.core:jersey-server:2.23.1 -> 2.23.2 (*)
|    |    +--- javax.validation:validation-api:1.1.0.Final
|    |    +--- org.hibernate:hibernate-validator:5.1.3.Final -> 5.2.4.Final (*)
|    |    \--- javax.ws.rs:javax.ws.rs-api:2.0.1
|    +--- org.glassfish.jersey.ext:jersey-spring3:2.23.1 -> 2.23.2
|    |    +--- org.glassfish.jersey.core:jersey-server:2.23.2 (*)
|    |    +--- org.glassfish.jersey.containers:jersey-container-servlet-core:2.23.2 (*)
|    |    +--- org.glassfish.hk2:hk2:2.5.0-b05
|    |    |    +--- org.glassfish.hk2:hk2-utils:2.5.0-b05 (*)
|    |    |    +--- org.glassfish.hk2:hk2-api:2.5.0-b05 (*)
|    |    |    +--- org.glassfish.hk2:config-types:2.5.0-b05
|    |    |    |    \--- org.glassfish.hk2:hk2-config:2.5.0-b05
|    |    |    |         +--- org.glassfish.hk2:hk2-core:2.5.0-b05
|    |    |    |         |    +--- org.glassfish.hk2:hk2-locator:2.5.0-b05 (*)
|    |    |    |         |    \--- org.glassfish.hk2:hk2-utils:2.5.0-b05 (*)
|    |    |    |         +--- org.jvnet:tiger-types:1.4
|    |    |    |         \--- org.glassfish.hk2.external:bean-validator:2.5.0-b05
|    |    |    +--- org.glassfish.hk2:hk2-core:2.5.0-b05 (*)
|    |    |    +--- org.glassfish.hk2:hk2-config:2.5.0-b05 (*)
|    |    |    +--- org.glassfish.hk2:hk2-locator:2.5.0-b05 (*)
|    |    |    +--- org.glassfish.hk2:hk2-runlevel:2.5.0-b05
|    |    |    |    +--- org.glassfish.hk2:hk2-api:2.5.0-b05 (*)
|    |    |    |    \--- org.glassfish.hk2:hk2-locator:2.5.0-b05 (*)
|    |    |    \--- org.glassfish.hk2:class-model:2.5.0-b05
|    |    |         \--- org.glassfish.hk2.external:asm-all-repackaged:2.5.0-b05
|    |    +--- org.glassfish.hk2:spring-bridge:2.5.0-b05
|    |    |    \--- org.springframework:spring-context:3.2.3.RELEASE -> 4.3.2.RELEASE (*)
|    |    +--- org.springframework:spring-beans:3.2.3.RELEASE -> 4.3.2.RELEASE (*)
|    |    +--- org.springframework:spring-core:3.2.3.RELEASE -> 4.3.2.RELEASE
|    |    +--- org.springframework:spring-web:3.2.3.RELEASE -> 4.3.2.RELEASE (*)
|    |    \--- javax.ws.rs:javax.ws.rs-api:2.0.1
|    \--- org.glassfish.jersey.media:jersey-media-json-jackson:2.23.1
|         +--- org.glassfish.jersey.core:jersey-common:2.23.1 -> 2.23.2 (*)
|         +--- org.glassfish.jersey.ext:jersey-entity-filtering:2.23.1
|         |    \--- javax.ws.rs:javax.ws.rs-api:2.0.1
|         +--- com.fasterxml.jackson.jaxrs:jackson-jaxrs-base:2.5.4 -> 2.8.2
|         |    +--- com.fasterxml.jackson.core:jackson-core:2.8.2
|         |    \--- com.fasterxml.jackson.core:jackson-databind:2.8.2 (*)
|         +--- com.fasterxml.jackson.jaxrs:jackson-jaxrs-json-provider:2.5.4 -> 2.8.2
|         |    +--- com.fasterxml.jackson.jaxrs:jackson-jaxrs-base:2.8.2 (*)
|         |    +--- com.fasterxml.jackson.core:jackson-core:2.8.2
|         |    +--- com.fasterxml.jackson.core:jackson-databind:2.8.2 (*)
|         |    \--- com.fasterxml.jackson.module:jackson-module-jaxb-annotations:2.8.2
|         |         +--- com.fasterxml.jackson.core:jackson-core:2.8.2
|         |         +--- com.fasterxml.jackson.core:jackson-annotations:2.8.0
|         |         \--- com.fasterxml.jackson.core:jackson-databind:2.8.2 (*)
|         \--- com.fasterxml.jackson.core:jackson-annotations:2.5.4 -> 2.8.0
+--- org.hibernate:hibernate-core:5.2.2.Final (*)
+--- org.hibernate:hibernate-entitymanager:5.2.2.Final (*)
+--- org.springframework:spring-orm:4.3.2.RELEASE (*)
+--- org.springframework.boot:spring-boot-starter-jetty:1.4.0.RELEASE
|    +--- org.eclipse.jetty:jetty-servlets:9.3.11.v20160721
|    |    +--- org.eclipse.jetty:jetty-continuation:9.3.11.v20160721
|    |    +--- org.eclipse.jetty:jetty-http:9.3.11.v20160721
|    |    |    \--- org.eclipse.jetty:jetty-util:9.3.11.v20160721
|    |    +--- org.eclipse.jetty:jetty-util:9.3.11.v20160721
|    |    \--- org.eclipse.jetty:jetty-io:9.3.11.v20160721
|    |         \--- org.eclipse.jetty:jetty-util:9.3.11.v20160721
|    +--- org.eclipse.jetty:jetty-webapp:9.3.11.v20160721
|    |    +--- org.eclipse.jetty:jetty-xml:9.3.11.v20160721
|    |    |    \--- org.eclipse.jetty:jetty-util:9.3.11.v20160721
|    |    \--- org.eclipse.jetty:jetty-servlet:9.3.11.v20160721
|    |         \--- org.eclipse.jetty:jetty-security:9.3.11.v20160721
|    |              \--- org.eclipse.jetty:jetty-server:9.3.11.v20160721
|    |                   +--- javax.servlet:javax.servlet-api:3.1.0
|    |                   +--- org.eclipse.jetty:jetty-http:9.3.11.v20160721 (*)
|    |                   \--- org.eclipse.jetty:jetty-io:9.3.11.v20160721 (*)
|    +--- org.eclipse.jetty.websocket:websocket-server:9.3.11.v20160721
|    |    +--- org.eclipse.jetty.websocket:websocket-common:9.3.11.v20160721
|    |    |    +--- org.eclipse.jetty.websocket:websocket-api:9.3.11.v20160721
|    |    |    +--- org.eclipse.jetty:jetty-util:9.3.11.v20160721
|    |    |    \--- org.eclipse.jetty:jetty-io:9.3.11.v20160721 (*)
|    |    +--- org.eclipse.jetty.websocket:websocket-client:9.3.11.v20160721
|    |    |    +--- org.eclipse.jetty:jetty-util:9.3.11.v20160721
|    |    |    +--- org.eclipse.jetty:jetty-io:9.3.11.v20160721 (*)
|    |    |    \--- org.eclipse.jetty.websocket:websocket-common:9.3.11.v20160721 (*)
|    |    +--- org.eclipse.jetty.websocket:websocket-servlet:9.3.11.v20160721
|    |    |    +--- org.eclipse.jetty.websocket:websocket-api:9.3.11.v20160721
|    |    |    \--- javax.servlet:javax.servlet-api:3.1.0
|    |    +--- org.eclipse.jetty:jetty-servlet:9.3.11.v20160721 (*)
|    |    \--- org.eclipse.jetty:jetty-http:9.3.11.v20160721 (*)
|    \--- org.eclipse.jetty.websocket:javax-websocket-server-impl:9.3.11.v20160721
|         +--- org.eclipse.jetty:jetty-annotations:9.3.11.v20160721
|         |    +--- org.eclipse.jetty:jetty-plus:9.3.11.v20160721
|         |    |    \--- org.eclipse.jetty:jetty-webapp:9.3.11.v20160721 (*)
|         |    +--- org.eclipse.jetty:jetty-webapp:9.3.11.v20160721 (*)
|         |    +--- javax.annotation:javax.annotation-api:1.2
|         |    +--- org.ow2.asm:asm:5.0.1
|         |    \--- org.ow2.asm:asm-commons:5.0.1
|         |         \--- org.ow2.asm:asm-tree:5.0.1
|         |              \--- org.ow2.asm:asm:5.0.1
|         +--- org.eclipse.jetty.websocket:javax-websocket-client-impl:9.3.11.v20160721
|         |    +--- org.eclipse.jetty.websocket:websocket-client:9.3.11.v20160721 (*)
|         |    \--- javax.websocket:javax.websocket-api:1.0
|         +--- org.eclipse.jetty.websocket:websocket-server:9.3.11.v20160721 (*)
|         \--- javax.websocket:javax.websocket-api:1.0
+--- joda-time:joda-time:2.9.4
+--- org.jadira.usertype:usertype.core:6.0.1.GA
|    +--- org.hibernate:hibernate-entitymanager:5.2.1.Final -> 5.2.2.Final (*)
|    +--- org.slf4j:slf4j-api:1.7.12 -> 1.7.21
|    \--- org.jadira.usertype:usertype.spi:6.0.1.GA
|         \--- org.slf4j:slf4j-api:1.7.12 -> 1.7.21
+--- org.glassfish.jersey.ext:jersey-spring3:2.23.2 (*)
+--- org.apache.commons:commons-lang3:3.4
+--- com.google.guava:guava:19.0
+--- javax.ws.rs:javax.ws.rs-api:2.0.1
+--- javax.validation:validation-api:1.1.0.Final
+--- com.fasterxml.jackson.core:jackson-core:2.8.2
+--- com.fasterxml.jackson.core:jackson-databind:2.8.2 (*)
+--- com.fasterxml.jackson.jaxrs:jackson-jaxrs-json-provider:2.8.2 (*)
+--- javax.servlet:javax.servlet-api:3.1.0
+--- mysql:mysql-connector-java:5.1.26
+--- org.jboss.logging:jboss-logging:3.2.0.Final -> 3.3.0.Final
+--- project :commons
|    +--- javax.ws.rs:javax.ws.rs-api:2.0.1
|    \--- javax.validation:validation-api:1.1.0.Final
+--- junit:junit:4.11
|    \--- org.hamcrest:hamcrest-core:1.3
+--- org.mockito:mockito-core:1.10.19
|    +--- org.hamcrest:hamcrest-core:1.1 -> 1.3
|    \--- org.objenesis:objenesis:2.1
\--- org.assertj:assertj-core:3.5.2

(*) - dependencies omitted (listed previously)

BUILD SUCCESSFUL

Total time: 4.34 secs

This build could be faster, please consider using the Gradle Daemon: https://docs.gradle.org/2.10/userguide/gradle_daemon.html
